[ 12%] Built target gmock_main
[35m[1mConsolidate compiler generated dependencies of target canopen_ros2_controllers[0m
[ 31%] Built target gmock
[35m[1mConsolidate compiler generated dependencies of target test_load_canopen_proxy_controller[0m
[35m[1mConsolidate compiler generated dependencies of target test_load_cia402_robot_controller[0m
[35m[1mConsolidate compiler generated dependencies of target test_load_cia402_device_controller[0m
[ 43%] Built target test_load_canopen_proxy_controller
[ 50%] [32mBuilding CXX object CMakeFiles/canopen_ros2_controllers.dir/src/canopen_proxy_controller.cpp.o[0m
[ 62%] Built target test_load_cia402_robot_controller
[ 68%] [32mBuilding CXX object CMakeFiles/canopen_ros2_controllers.dir/src/cia402_device_controller.cpp.o[0m
[ 81%] Built target test_load_cia402_device_controller
gmake[2]: *** [CMakeFiles/canopen_ros2_controllers.dir/build.make:76: CMakeFiles/canopen_ros2_controllers.dir/src/canopen_proxy_controller.cpp.o] Interrupt
gmake[2]: *** wait: No child processes.  Stop.
gmake[2]: *** Waiting for unfinished jobs....
gmake[2]: *** wait: No child processes.  Stop.
gmake[1]: *** [CMakeFiles/Makefile2:182: CMakeFiles/canopen_ros2_controllers.dir/all] Error 2
gmake: *** [Makefile:146: all] Interrupt
