[0.323s] Invoking command in '/home/vboxuser/agv_ws/build/canopen_core': AMENT_PREFIX_PATH=/home/vboxuser/agv_ws/install/lely_core_libraries:/home/vboxuser/agv_ws/install/canopen_interfaces:${AMENT_PREFIX_PATH} CMAKE_PREFIX_PATH=/home/vboxuser/agv_ws/install/lely_core_libraries:/home/vboxuser/agv_ws/install/canopen_interfaces:/home/vboxuser/bumperbot_ws/install/bumperbot_cpp_examples:/home/vboxuser/bumperbot_ws/install/bumperbot_msgs:/home/vboxuser/bumperbot_ws/install/bumperbot_description:/home/vboxuser/bumperbot_ws/install/bumperbot_controller:/home/vboxuser/ros2_ws/install/my_simulation:/home/vboxuser/bumperbot_ws/install/bumperbot_py_examples:/home/vboxuser/ros2_ws/install/my_py_pkg:/opt/ros/humble LD_LIBRARY_PATH=/home/vboxuser/agv_ws/install/lely_core_libraries/lib:/home/vboxuser/agv_ws/install/canopen_interfaces/lib:${LD_LIBRARY_PATH} PATH=/home/vboxuser/agv_ws/install/lely_core_libraries/bin:${PATH} PYTHONPATH=/home/vboxuser/agv_ws/install/lely_core_libraries/local/lib/python3.10/dist-packages:/home/vboxuser/agv_ws/install/lely_core_libraries/lib/python3.10/site-packages:/home/vboxuser/agv_ws/install/canopen_interfaces/local/lib/python3.10/dist-packages:${PYTHONPATH} /usr/bin/cmake --build /home/vboxuser/agv_ws/build/canopen_core -- -j4 -l4
[0.446s] [35m[1mConsolidate compiler generated dependencies of target node_canopen_master[0m
[0.455s] [35m[1mConsolidate compiler generated dependencies of target node_canopen_driver[0m
[0.481s] [  5%] Built target gmock_main
[0.497s] [ 13%] Built target gmock
[0.504s] [ 16%] [32mBuilding CXX object CMakeFiles/node_canopen_master.dir/src/node_interfaces/node_canopen_master.cpp.o[0m
[0.509s] [ 19%] [32mBuilding CXX object CMakeFiles/node_canopen_master.dir/src/master_node.cpp.o[0m
[0.525s] [ 22%] [32mBuilding CXX object CMakeFiles/node_canopen_driver.dir/src/node_interfaces/node_canopen_driver.cpp.o[0m
[0.559s] [ 25%] [32mBuilding CXX object CMakeFiles/node_canopen_driver.dir/src/driver_node.cpp.o[0m
[3.208s] gmake[2]: *** [CMakeFiles/node_canopen_master.dir/build.make:104: CMakeFiles/node_canopen_master.dir/src/master_node.cpp.o] Interrupt
[3.209s] gmake[2]: *** [CMakeFiles/node_canopen_master.dir/build.make:76: CMakeFiles/node_canopen_master.dir/src/node_interfaces/node_canopen_master.cpp.o] Interrupt
[3.210s] gmake[1]: *** [CMakeFiles/Makefile2:237: CMakeFiles/node_canopen_master.dir/all] Interrupt
[3.210s] gmake[2]: *** [CMakeFiles/node_canopen_driver.dir/build.make:76: CMakeFiles/node_canopen_driver.dir/src/node_interfaces/node_canopen_driver.cpp.o] Interrupt
[3.210s] gmake[2]: *** wait: No child processes.  Stop.
[3.210s] gmake[2]: *** Waiting for unfinished jobs....
[3.210s] gmake[2]: *** wait: No child processes.  Stop.
[3.211s] gmake[1]: *** [CMakeFiles/Makefile2:211: CMakeFiles/node_canopen_driver.dir/all] Error 2
[3.212s] gmake: *** [Makefile:146: all] Interrupt
[3.249s] Invoked command in '/home/vboxuser/agv_ws/build/canopen_core' returned '-2': AMENT_PREFIX_PATH=/home/vboxuser/agv_ws/install/lely_core_libraries:/home/vboxuser/agv_ws/install/canopen_interfaces:${AMENT_PREFIX_PATH} CMAKE_PREFIX_PATH=/home/vboxuser/agv_ws/install/lely_core_libraries:/home/vboxuser/agv_ws/install/canopen_interfaces:/home/vboxuser/bumperbot_ws/install/bumperbot_cpp_examples:/home/vboxuser/bumperbot_ws/install/bumperbot_msgs:/home/vboxuser/bumperbot_ws/install/bumperbot_description:/home/vboxuser/bumperbot_ws/install/bumperbot_controller:/home/vboxuser/ros2_ws/install/my_simulation:/home/vboxuser/bumperbot_ws/install/bumperbot_py_examples:/home/vboxuser/ros2_ws/install/my_py_pkg:/opt/ros/humble LD_LIBRARY_PATH=/home/vboxuser/agv_ws/install/lely_core_libraries/lib:/home/vboxuser/agv_ws/install/canopen_interfaces/lib:${LD_LIBRARY_PATH} PATH=/home/vboxuser/agv_ws/install/lely_core_libraries/bin:${PATH} PYTHONPATH=/home/vboxuser/agv_ws/install/lely_core_libraries/local/lib/python3.10/dist-packages:/home/vboxuser/agv_ws/install/lely_core_libraries/lib/python3.10/site-packages:/home/vboxuser/agv_ws/install/canopen_interfaces/local/lib/python3.10/dist-packages:${PYTHONPATH} /usr/bin/cmake --build /home/vboxuser/agv_ws/build/canopen_core -- -j4 -l4
