-- The C compiler identification is GNU 11.4.0
-- The CXX compiler identification is GNU 11.4.0
-- Detecting C compiler ABI info
-- Detecting C compiler ABI info - done
-- Check for working C compiler: /usr/bin/cc - skipped
-- Detecting C compile features
-- Detecting C compile features - done
-- Detecting CXX compiler ABI info
-- Detecting CXX compiler ABI info - done
-- Check for working CXX compiler: /usr/bin/c++ - skipped
-- Detecting CXX compile features
-- Detecting CXX compile features - done
-- Found ament_cmake: 1.3.6 (/opt/ros/humble/share/ament_cmake/cmake)
-- Found Python3: /usr/bin/python3.10 (found version "3.10.12") found components: Interpreter 
-- Found canopen_interfaces: 0.2.8 (/home/vboxuser/agv_ws/install/canopen_interfaces/share/canopen_interfaces/cmake)
-- Found rosidl_generator_c: 3.1.5 (/opt/ros/humble/share/rosidl_generator_c/cmake)
-- Found rosidl_adapter: 3.1.5 (/opt/ros/humble/share/rosidl_adapter/cmake)
-- Found rosidl_generator_cpp: 3.1.5 (/opt/ros/humble/share/rosidl_generator_cpp/cmake)
-- Using all available rosidl_typesupport_c: rosidl_typesupport_fastrtps_c;rosidl_typesupport_introspection_c
-- Using all available rosidl_typesupport_cpp: rosidl_typesupport_fastrtps_cpp;rosidl_typesupport_introspection_cpp
-- Found lely_core_libraries: 0.2.8 (/home/vboxuser/agv_ws/install/lely_core_libraries/share/lely_core_libraries/cmake)
-- Found lifecycle_msgs: 1.2.1 (/opt/ros/humble/share/lifecycle_msgs/cmake)
-- Found rclcpp: 16.0.7 (/opt/ros/humble/share/rclcpp/cmake)
-- Found rmw_implementation_cmake: 6.1.1 (/opt/ros/humble/share/rmw_implementation_cmake/cmake)
-- Found rmw_fastrtps_cpp: 6.2.5 (/opt/ros/humble/share/rmw_fastrtps_cpp/cmake)
-- Found OpenSSL: /usr/lib/x86_64-linux-gnu/libcrypto.so (found version "3.0.2")  
-- Found FastRTPS: /opt/ros/humble/include  
-- Using RMW implementation 'rmw_fastrtps_cpp' as default
-- Looking for pthread.h
-- Looking for pthread.h - found
-- Performing Test CMAKE_HAVE_LIBC_PTHREAD
-- Performing Test CMAKE_HAVE_LIBC_PTHREAD - Success
-- Found Threads: TRUE  
-- Found rclcpp_components: 16.0.7 (/opt/ros/humble/share/rclcpp_components/cmake)
-- Found rclcpp_lifecycle: 16.0.7 (/opt/ros/humble/share/rclcpp_lifecycle/cmake)
-- Found yaml_cpp_vendor: 8.0.2 (/opt/ros/humble/share/yaml_cpp_vendor/cmake)
-- Found Boost: /usr/lib/x86_64-linux-gnu/cmake/Boost-1.74.0/BoostConfig.cmake (found version "1.74.0") found components: system thread 
-- Found ament_cmake_gtest: 1.3.6 (/opt/ros/humble/share/ament_cmake_gtest/cmake)
-- Found ament_cmake_gmock: 1.3.6 (/opt/ros/humble/share/ament_cmake_gmock/cmake)
-- Found gmock sources under '/opt/ros/humble/src/gmock_vendor': C++ tests using 'Google Mock' will be built
-- Found gtest sources under '/opt/ros/humble/src/gtest_vendor': C++ tests using 'Google Test' will be built
-- Configuring done
-- Generating done
-- Build files have been written to: /home/vboxuser/agv_ws/build/canopen_core
[  2%] [32mBuilding CXX object CMakeFiles/node_canopen_master.dir/src/node_interfaces/node_canopen_master.cpp.o[0m
[  5%] [32mBuilding CXX object gmock/CMakeFiles/gmock.dir/opt/ros/humble/src/gtest_vendor/src/gtest-all.cc.o[0m
[  8%] [32mBuilding CXX object CMakeFiles/node_canopen_driver.dir/src/node_interfaces/node_canopen_driver.cpp.o[0m
[ 11%] [32mBuilding CXX object gmock/CMakeFiles/gmock_main.dir/src/gmock_main.cc.o[0m
[ 13%] [32m[1mLinking CXX static library libgmock_main.a[0m
[ 13%] Built target gmock_main
[ 16%] [32mBuilding CXX object CMakeFiles/node_canopen_driver.dir/src/driver_error.cpp.o[0m
[ 19%] [32mBuilding CXX object CMakeFiles/node_canopen_driver.dir/src/driver_node.cpp.o[0m
[ 22%] [32mBuilding CXX object gmock/CMakeFiles/gmock.dir/src/gmock-all.cc.o[0m
[01m[K/home/vboxuser/agv_ws/src/ros2_canopen/canopen_core/src/node_interfaces/node_canopen_driver.cpp:[m[K In member function â€˜[01m[Kvoid ros2_canopen::node_interfaces::NodeCanopenDriver<NODETYPE>::demand_set_master() [with NODETYPE = rclcpp::Node][m[Kâ€™:
[01m[K/home/vboxuser/agv_ws/src/ros2_canopen/canopen_core/src/node_interfaces/node_canopen_driver.cpp:30:32:[m[K [01;31m[Kerror: [m[Kcannot convert â€˜[01m[Krclcpp::QoS[m[Kâ€™ to â€˜[01m[Kconst rmw_qos_profile_t&[m[Kâ€™ {aka â€˜[01m[Kconst rmw_qos_profile_s&[m[Kâ€™}
   30 |     init_service_name, rclcpp::[01;31m[KQoS(10)[m[K, client_cbg_);
      |                                [01;31m[K^~~~~~~[m[K
      |                                [01;31m[K|[m[K
      |                                [01;31m[Krclcpp::QoS[m[K
In file included from [01m[K/opt/ros/humble/include/rclcpp/rclcpp/node.hpp:1321[m[K,
                 from [01m[K/opt/ros/humble/include/rclcpp/rclcpp/executors/single_threaded_executor.hpp:28[m[K,
                 from [01m[K/opt/ros/humble/include/rclcpp/rclcpp/executors.hpp:22[m[K,
                 from [01m[K/opt/ros/humble/include/rclcpp/rclcpp/rclcpp.hpp:155[m[K,
                 from [01m[K/home/vboxuser/agv_ws/src/ros2_canopen/canopen_core/include/canopen_core/node_interfaces/node_canopen_driver.hpp:33[m[K,
                 from [01m[K/home/vboxuser/agv_ws/src/ros2_canopen/canopen_core/src/node_interfaces/node_canopen_driver.cpp:14[m[K:
[01m[K/opt/ros/humble/include/rclcpp/rclcpp/node_impl.hpp:127:29:[m[K [01;36m[Knote: [m[K  initializing argument 2 of â€˜[01m[Ktypename rclcpp::Client<ServiceT>::SharedPtr rclcpp::Node::create_client(const string&, const rmw_qos_profile_t&, rclcpp::CallbackGroup::SharedPtr) [with ServiceT = canopen_interfaces::srv::CONode; typename rclcpp::Client<ServiceT>::SharedPtr = std::shared_ptr<rclcpp::Client<canopen_interfaces::srv::CONode> >; std::string = std::__cxx11::basic_string<char>; rmw_qos_profile_t = rmw_qos_profile_s; rclcpp::CallbackGroup::SharedPtr = std::shared_ptr<rclcpp::CallbackGroup>][m[Kâ€™
  127 |   [01;36m[Kconst rmw_qos_profile_t & qos_profile[m[K,
      |   [01;36m[K~~~~~~~~~~~~~~~~~~~~~~~~~~^~~~~~~~~~~[m[K
[01m[K/home/vboxuser/agv_ws/src/ros2_canopen/canopen_core/src/node_interfaces/node_canopen_driver.cpp:[m[K In member function â€˜[01m[Kvoid ros2_canopen::node_interfaces::NodeCanopenDriver<NODETYPE>::demand_set_master() [with NODETYPE = rclcpp_lifecycle::LifecycleNode][m[Kâ€™:
[01m[K/home/vboxuser/agv_ws/src/ros2_canopen/canopen_core/src/node_interfaces/node_canopen_driver.cpp:73:32:[m[K [01;31m[Kerror: [m[Kcannot convert â€˜[01m[Krclcpp::QoS[m[Kâ€™ to â€˜[01m[Kconst rmw_qos_profile_t&[m[Kâ€™ {aka â€˜[01m[Kconst rmw_qos_profile_s&[m[Kâ€™}
   73 |     init_service_name, rclcpp::[01;31m[KQoS(10)[m[K, client_cbg_);
      |                                [01;31m[K^~~~~~~[m[K
      |                                [01;31m[K|[m[K
      |                                [01;31m[Krclcpp::QoS[m[K
In file included from [01m[K/opt/ros/humble/include/rclcpp_lifecycle/rclcpp_lifecycle/lifecycle_node.hpp:996[m[K,
                 from [01m[K/home/vboxuser/agv_ws/src/ros2_canopen/canopen_core/include/canopen_core/node_interfaces/node_canopen_driver.hpp:34[m[K,
                 from [01m[K/home/vboxuser/agv_ws/src/ros2_canopen/canopen_core/src/node_interfaces/node_canopen_driver.cpp:14[m[K:
[01m[K/opt/ros/humble/include/rclcpp_lifecycle/rclcpp_lifecycle/lifecycle_node_impl.hpp:103:29:[m[K [01;36m[Knote: [m[K  initializing argument 2 of â€˜[01m[Ktypename rclcpp::Client<ServiceT>::SharedPtr rclcpp_lifecycle::LifecycleNode::create_client(const string&, const rmw_qos_profile_t&, rclcpp::CallbackGroup::SharedPtr) [with ServiceT = canopen_interfaces::srv::CONode; typename rclcpp::Client<ServiceT>::SharedPtr = std::shared_ptr<rclcpp::Client<canopen_interfaces::srv::CONode> >; std::string = std::__cxx11::basic_string<char>; rmw_qos_profile_t = rmw_qos_profile_s; rclcpp::CallbackGroup::SharedPtr = std::shared_ptr<rclcpp::CallbackGroup>][m[Kâ€™
  103 |   [01;36m[Kconst rmw_qos_profile_t & qos_profile[m[K,
      |   [01;36m[K~~~~~~~~~~~~~~~~~~~~~~~~~~^~~~~~~~~~~[m[K
[ 25%] [32mBuilding CXX object CMakeFiles/node_canopen_master.dir/src/master_error.cpp.o[0m
gmake[2]: *** [CMakeFiles/node_canopen_driver.dir/build.make:76: CMakeFiles/node_canopen_driver.dir/src/node_interfaces/node_canopen_driver.cpp.o] Error 1
gmake[2]: *** Waiting for unfinished jobs....
[ 27%] [32mBuilding CXX object CMakeFiles/node_canopen_master.dir/src/master_node.cpp.o[0m
gmake[1]: *** [CMakeFiles/Makefile2:211: CMakeFiles/node_canopen_driver.dir/all] Error 2
gmake[1]: *** Waiting for unfinished jobs....
[ 30%] [32m[1mLinking CXX static library libgmock.a[0m
[ 30%] Built target gmock
[ 33%] [32m[1mLinking CXX shared library libnode_canopen_master.so[0m
[ 33%] Built target node_canopen_master
gmake: *** [Makefile:146: all] Error 2
