[0.543s] Invoking command in '/home/vboxuser/agv_ws/build/canopen_core': AMENT_PREFIX_PATH=/home/vboxuser/agv_ws/install/lely_core_libraries:/home/vboxuser/agv_ws/install/canopen_interfaces:${AMENT_PREFIX_PATH} CMAKE_PREFIX_PATH=/home/vboxuser/agv_ws/install/lely_core_libraries:/home/vboxuser/agv_ws/install/canopen_interfaces:/home/vboxuser/agv_ws/install/my_simulation:/home/vboxuser/agv_ws/install/agv_py:/home/vboxuser/agv_ws/install/agv:/home/vboxuser/bumperbot_ws/install/bumperbot_cpp_examples:/home/vboxuser/bumperbot_ws/install/bumperbot_msgs:/home/vboxuser/bumperbot_ws/install/bumperbot_description:/home/vboxuser/bumperbot_ws/install/bumperbot_controller:/home/vboxuser/ros2_ws/install/my_simulation:/home/vboxuser/agv_ws/install/agv_py_functions:/home/vboxuser/bumperbot_ws/install/bumperbot_py_examples:/home/vboxuser/ros2_ws/install/my_py_pkg:/opt/ros/humble LD_LIBRARY_PATH=/home/vboxuser/agv_ws/install/lely_core_libraries/lib:/home/vboxuser/agv_ws/install/canopen_interfaces/lib:${LD_LIBRARY_PATH} PATH=/home/vboxuser/agv_ws/install/lely_core_libraries/bin:${PATH} PYTHONPATH=/home/vboxuser/agv_ws/install/lely_core_libraries/local/lib/python3.10/dist-packages:/home/vboxuser/agv_ws/install/lely_core_libraries/lib/python3.10/site-packages:/home/vboxuser/agv_ws/install/canopen_interfaces/local/lib/python3.10/dist-packages:${PYTHONPATH} /usr/bin/cmake /home/vboxuser/agv_ws/src/ros2_canopen/canopen_core -DCMAKE_INSTALL_PREFIX=/home/vboxuser/agv_ws/install/canopen_core
[0.673s] -- The C compiler identification is GNU 11.4.0
[0.791s] -- The CXX compiler identification is GNU 11.4.0
[0.804s] -- Detecting C compiler ABI info
[0.945s] -- Detecting C compiler ABI info - done
[0.973s] -- Check for working C compiler: /usr/bin/cc - skipped
[0.973s] -- Detecting C compile features
[0.976s] -- Detecting C compile features - done
[0.985s] -- Detecting CXX compiler ABI info
[1.131s] -- Detecting CXX compiler ABI info - done
[1.167s] -- Check for working CXX compiler: /usr/bin/c++ - skipped
[1.168s] -- Detecting CXX compile features
[1.173s] -- Detecting CXX compile features - done
[1.182s] -- Found ament_cmake: 1.3.6 (/opt/ros/humble/share/ament_cmake/cmake)
[1.551s] -- Found Python3: /usr/bin/python3.10 (found version "3.10.12") found components: Interpreter 
[1.751s] -- Found canopen_interfaces: 0.2.8 (/home/vboxuser/agv_ws/install/canopen_interfaces/share/canopen_interfaces/cmake)
[1.830s] -- Found rosidl_generator_c: 3.1.5 (/opt/ros/humble/share/rosidl_generator_c/cmake)
[1.842s] -- Found rosidl_adapter: 3.1.5 (/opt/ros/humble/share/rosidl_adapter/cmake)
[1.862s] -- Found rosidl_generator_cpp: 3.1.5 (/opt/ros/humble/share/rosidl_generator_cpp/cmake)
[1.903s] -- Using all available rosidl_typesupport_c: rosidl_typesupport_fastrtps_c;rosidl_typesupport_introspection_c
[1.954s] -- Using all available rosidl_typesupport_cpp: rosidl_typesupport_fastrtps_cpp;rosidl_typesupport_introspection_cpp
[1.995s] -- Found lely_core_libraries: 0.2.8 (/home/vboxuser/agv_ws/install/lely_core_libraries/share/lely_core_libraries/cmake)
[2.007s] -- Found lifecycle_msgs: 1.2.1 (/opt/ros/humble/share/lifecycle_msgs/cmake)
[2.063s] -- Found rclcpp: 16.0.7 (/opt/ros/humble/share/rclcpp/cmake)
[2.299s] -- Found rmw_implementation_cmake: 6.1.1 (/opt/ros/humble/share/rmw_implementation_cmake/cmake)
[2.318s] -- Found rmw_fastrtps_cpp: 6.2.5 (/opt/ros/humble/share/rmw_fastrtps_cpp/cmake)
[2.595s] -- Found OpenSSL: /usr/lib/x86_64-linux-gnu/libcrypto.so (found version "3.0.2")  
[2.646s] -- Found FastRTPS: /opt/ros/humble/include  
[2.745s] -- Using RMW implementation 'rmw_fastrtps_cpp' as default
[2.769s] -- Looking for pthread.h
[2.892s] -- Looking for pthread.h - found
[2.893s] -- Performing Test CMAKE_HAVE_LIBC_PTHREAD
[3.013s] -- Performing Test CMAKE_HAVE_LIBC_PTHREAD - Success
[3.015s] -- Found Threads: TRUE  
[3.536s] -- Found rclcpp_components: 16.0.7 (/opt/ros/humble/share/rclcpp_components/cmake)
[3.717s] -- Found rclcpp_lifecycle: 16.0.7 (/opt/ros/humble/share/rclcpp_lifecycle/cmake)
[3.769s] -- Found yaml_cpp_vendor: 8.0.2 (/opt/ros/humble/share/yaml_cpp_vendor/cmake)
[3.837s] -- Found Boost: /usr/lib/x86_64-linux-gnu/cmake/Boost-1.74.0/BoostConfig.cmake (found version "1.74.0") found components: system thread 
[3.875s] -- Found ament_cmake_gtest: 1.3.6 (/opt/ros/humble/share/ament_cmake_gtest/cmake)
[3.881s] -- Found ament_cmake_gmock: 1.3.6 (/opt/ros/humble/share/ament_cmake_gmock/cmake)
[3.894s] -- Found gmock sources under '/opt/ros/humble/src/gmock_vendor': C++ tests using 'Google Mock' will be built
[3.906s] -- Found gtest sources under '/opt/ros/humble/src/gtest_vendor': C++ tests using 'Google Test' will be built
[4.127s] -- Configuring done
[4.320s] -- Generating done
[4.326s] -- Build files have been written to: /home/vboxuser/agv_ws/build/canopen_core
[4.349s] Invoked command in '/home/vboxuser/agv_ws/build/canopen_core' returned '0': AMENT_PREFIX_PATH=/home/vboxuser/agv_ws/install/lely_core_libraries:/home/vboxuser/agv_ws/install/canopen_interfaces:${AMENT_PREFIX_PATH} CMAKE_PREFIX_PATH=/home/vboxuser/agv_ws/install/lely_core_libraries:/home/vboxuser/agv_ws/install/canopen_interfaces:/home/vboxuser/agv_ws/install/my_simulation:/home/vboxuser/agv_ws/install/agv_py:/home/vboxuser/agv_ws/install/agv:/home/vboxuser/bumperbot_ws/install/bumperbot_cpp_examples:/home/vboxuser/bumperbot_ws/install/bumperbot_msgs:/home/vboxuser/bumperbot_ws/install/bumperbot_description:/home/vboxuser/bumperbot_ws/install/bumperbot_controller:/home/vboxuser/ros2_ws/install/my_simulation:/home/vboxuser/agv_ws/install/agv_py_functions:/home/vboxuser/bumperbot_ws/install/bumperbot_py_examples:/home/vboxuser/ros2_ws/install/my_py_pkg:/opt/ros/humble LD_LIBRARY_PATH=/home/vboxuser/agv_ws/install/lely_core_libraries/lib:/home/vboxuser/agv_ws/install/canopen_interfaces/lib:${LD_LIBRARY_PATH} PATH=/home/vboxuser/agv_ws/install/lely_core_libraries/bin:${PATH} PYTHONPATH=/home/vboxuser/agv_ws/install/lely_core_libraries/local/lib/python3.10/dist-packages:/home/vboxuser/agv_ws/install/lely_core_libraries/lib/python3.10/site-packages:/home/vboxuser/agv_ws/install/canopen_interfaces/local/lib/python3.10/dist-packages:${PYTHONPATH} /usr/bin/cmake /home/vboxuser/agv_ws/src/ros2_canopen/canopen_core -DCMAKE_INSTALL_PREFIX=/home/vboxuser/agv_ws/install/canopen_core
[4.352s] Invoking command in '/home/vboxuser/agv_ws/build/canopen_core': AMENT_PREFIX_PATH=/home/vboxuser/agv_ws/install/lely_core_libraries:/home/vboxuser/agv_ws/install/canopen_interfaces:${AMENT_PREFIX_PATH} CMAKE_PREFIX_PATH=/home/vboxuser/agv_ws/install/lely_core_libraries:/home/vboxuser/agv_ws/install/canopen_interfaces:/home/vboxuser/agv_ws/install/my_simulation:/home/vboxuser/agv_ws/install/agv_py:/home/vboxuser/agv_ws/install/agv:/home/vboxuser/bumperbot_ws/install/bumperbot_cpp_examples:/home/vboxuser/bumperbot_ws/install/bumperbot_msgs:/home/vboxuser/bumperbot_ws/install/bumperbot_description:/home/vboxuser/bumperbot_ws/install/bumperbot_controller:/home/vboxuser/ros2_ws/install/my_simulation:/home/vboxuser/agv_ws/install/agv_py_functions:/home/vboxuser/bumperbot_ws/install/bumperbot_py_examples:/home/vboxuser/ros2_ws/install/my_py_pkg:/opt/ros/humble LD_LIBRARY_PATH=/home/vboxuser/agv_ws/install/lely_core_libraries/lib:/home/vboxuser/agv_ws/install/canopen_interfaces/lib:${LD_LIBRARY_PATH} PATH=/home/vboxuser/agv_ws/install/lely_core_libraries/bin:${PATH} PYTHONPATH=/home/vboxuser/agv_ws/install/lely_core_libraries/local/lib/python3.10/dist-packages:/home/vboxuser/agv_ws/install/lely_core_libraries/lib/python3.10/site-packages:/home/vboxuser/agv_ws/install/canopen_interfaces/local/lib/python3.10/dist-packages:${PYTHONPATH} /usr/bin/cmake --build /home/vboxuser/agv_ws/build/canopen_core -- -j4 -l4
[4.476s] [  2%] [32mBuilding CXX object CMakeFiles/node_canopen_master.dir/src/node_interfaces/node_canopen_master.cpp.o[0m
[4.491s] [  5%] [32mBuilding CXX object gmock/CMakeFiles/gmock.dir/opt/ros/humble/src/gtest_vendor/src/gtest-all.cc.o[0m
[4.507s] [  8%] [32mBuilding CXX object CMakeFiles/node_canopen_driver.dir/src/node_interfaces/node_canopen_driver.cpp.o[0m
[4.511s] [ 11%] [32mBuilding CXX object gmock/CMakeFiles/gmock_main.dir/src/gmock_main.cc.o[0m
[9.162s] [ 13%] [32m[1mLinking CXX static library libgmock_main.a[0m
[9.363s] [ 13%] Built target gmock_main
[9.393s] [ 16%] [32mBuilding CXX object CMakeFiles/node_canopen_driver.dir/src/driver_error.cpp.o[0m
[9.930s] [ 19%] [32mBuilding CXX object CMakeFiles/node_canopen_driver.dir/src/driver_node.cpp.o[0m
[13.321s] [ 22%] [32mBuilding CXX object gmock/CMakeFiles/gmock.dir/src/gmock-all.cc.o[0m
[13.554s] [01m[K/home/vboxuser/agv_ws/src/ros2_canopen/canopen_core/src/node_interfaces/node_canopen_driver.cpp:[m[K In member function â€˜[01m[Kvoid ros2_canopen::node_interfaces::NodeCanopenDriver<NODETYPE>::demand_set_master() [with NODETYPE = rclcpp::Node][m[Kâ€™:
[13.554s] [01m[K/home/vboxuser/agv_ws/src/ros2_canopen/canopen_core/src/node_interfaces/node_canopen_driver.cpp:30:32:[m[K [01;31m[Kerror: [m[Kcannot convert â€˜[01m[Krclcpp::QoS[m[Kâ€™ to â€˜[01m[Kconst rmw_qos_profile_t&[m[Kâ€™ {aka â€˜[01m[Kconst rmw_qos_profile_s&[m[Kâ€™}
[13.555s]    30 |     init_service_name, rclcpp::[01;31m[KQoS(10)[m[K, client_cbg_);
[13.555s]       |                                [01;31m[K^~~~~~~[m[K
[13.555s]       |                                [01;31m[K|[m[K
[13.555s]       |                                [01;31m[Krclcpp::QoS[m[K
[13.555s] In file included from [01m[K/opt/ros/humble/include/rclcpp/rclcpp/node.hpp:1321[m[K,
[13.555s]                  from [01m[K/opt/ros/humble/include/rclcpp/rclcpp/executors/single_threaded_executor.hpp:28[m[K,
[13.556s]                  from [01m[K/opt/ros/humble/include/rclcpp/rclcpp/executors.hpp:22[m[K,
[13.556s]                  from [01m[K/opt/ros/humble/include/rclcpp/rclcpp/rclcpp.hpp:155[m[K,
[13.556s]                  from [01m[K/home/vboxuser/agv_ws/src/ros2_canopen/canopen_core/include/canopen_core/node_interfaces/node_canopen_driver.hpp:33[m[K,
[13.556s]                  from [01m[K/home/vboxuser/agv_ws/src/ros2_canopen/canopen_core/src/node_interfaces/node_canopen_driver.cpp:14[m[K:
[13.556s] [01m[K/opt/ros/humble/include/rclcpp/rclcpp/node_impl.hpp:127:29:[m[K [01;36m[Knote: [m[K  initializing argument 2 of â€˜[01m[Ktypename rclcpp::Client<ServiceT>::SharedPtr rclcpp::Node::create_client(const string&, const rmw_qos_profile_t&, rclcpp::CallbackGroup::SharedPtr) [with ServiceT = canopen_interfaces::srv::CONode; typename rclcpp::Client<ServiceT>::SharedPtr = std::shared_ptr<rclcpp::Client<canopen_interfaces::srv::CONode> >; std::string = std::__cxx11::basic_string<char>; rmw_qos_profile_t = rmw_qos_profile_s; rclcpp::CallbackGroup::SharedPtr = std::shared_ptr<rclcpp::CallbackGroup>][m[Kâ€™
[13.556s]   127 |   [01;36m[Kconst rmw_qos_profile_t & qos_profile[m[K,
[13.557s]       |   [01;36m[K~~~~~~~~~~~~~~~~~~~~~~~~~~^~~~~~~~~~~[m[K
[13.557s] [01m[K/home/vboxuser/agv_ws/src/ros2_canopen/canopen_core/src/node_interfaces/node_canopen_driver.cpp:[m[K In member function â€˜[01m[Kvoid ros2_canopen::node_interfaces::NodeCanopenDriver<NODETYPE>::demand_set_master() [with NODETYPE = rclcpp_lifecycle::LifecycleNode][m[Kâ€™:
[13.557s] [01m[K/home/vboxuser/agv_ws/src/ros2_canopen/canopen_core/src/node_interfaces/node_canopen_driver.cpp:73:32:[m[K [01;31m[Kerror: [m[Kcannot convert â€˜[01m[Krclcpp::QoS[m[Kâ€™ to â€˜[01m[Kconst rmw_qos_profile_t&[m[Kâ€™ {aka â€˜[01m[Kconst rmw_qos_profile_s&[m[Kâ€™}
[13.557s]    73 |     init_service_name, rclcpp::[01;31m[KQoS(10)[m[K, client_cbg_);
[13.557s]       |                                [01;31m[K^~~~~~~[m[K
[13.558s]       |                                [01;31m[K|[m[K
[13.558s]       |                                [01;31m[Krclcpp::QoS[m[K
[13.558s] In file included from [01m[K/opt/ros/humble/include/rclcpp_lifecycle/rclcpp_lifecycle/lifecycle_node.hpp:996[m[K,
[13.558s]                  from [01m[K/home/vboxuser/agv_ws/src/ros2_canopen/canopen_core/include/canopen_core/node_interfaces/node_canopen_driver.hpp:34[m[K,
[13.558s]                  from [01m[K/home/vboxuser/agv_ws/src/ros2_canopen/canopen_core/src/node_interfaces/node_canopen_driver.cpp:14[m[K:
[13.558s] [01m[K/opt/ros/humble/include/rclcpp_lifecycle/rclcpp_lifecycle/lifecycle_node_impl.hpp:103:29:[m[K [01;36m[Knote: [m[K  initializing argument 2 of â€˜[01m[Ktypename rclcpp::Client<ServiceT>::SharedPtr rclcpp_lifecycle::LifecycleNode::create_client(const string&, const rmw_qos_profile_t&, rclcpp::CallbackGroup::SharedPtr) [with ServiceT = canopen_interfaces::srv::CONode; typename rclcpp::Client<ServiceT>::SharedPtr = std::shared_ptr<rclcpp::Client<canopen_interfaces::srv::CONode> >; std::string = std::__cxx11::basic_string<char>; rmw_qos_profile_t = rmw_qos_profile_s; rclcpp::CallbackGroup::SharedPtr = std::shared_ptr<rclcpp::CallbackGroup>][m[Kâ€™
[13.559s]   103 |   [01;36m[Kconst rmw_qos_profile_t & qos_profile[m[K,
[13.559s]       |   [01;36m[K~~~~~~~~~~~~~~~~~~~~~~~~~~^~~~~~~~~~~[m[K
[15.720s] [ 25%] [32mBuilding CXX object CMakeFiles/node_canopen_master.dir/src/master_error.cpp.o[0m
[15.871s] gmake[2]: *** [CMakeFiles/node_canopen_driver.dir/build.make:76: CMakeFiles/node_canopen_driver.dir/src/node_interfaces/node_canopen_driver.cpp.o] Error 1
[15.871s] gmake[2]: *** Waiting for unfinished jobs....
[15.904s] [ 27%] [32mBuilding CXX object CMakeFiles/node_canopen_master.dir/src/master_node.cpp.o[0m
[17.747s] gmake[1]: *** [CMakeFiles/Makefile2:211: CMakeFiles/node_canopen_driver.dir/all] Error 2
[17.747s] gmake[1]: *** Waiting for unfinished jobs....
[17.910s] [ 30%] [32m[1mLinking CXX static library libgmock.a[0m
[18.042s] [ 30%] Built target gmock
[21.419s] [ 33%] [32m[1mLinking CXX shared library libnode_canopen_master.so[0m
[21.675s] [ 33%] Built target node_canopen_master
[21.677s] gmake: *** [Makefile:146: all] Error 2
[21.681s] Invoked command in '/home/vboxuser/agv_ws/build/canopen_core' returned '2': AMENT_PREFIX_PATH=/home/vboxuser/agv_ws/install/lely_core_libraries:/home/vboxuser/agv_ws/install/canopen_interfaces:${AMENT_PREFIX_PATH} CMAKE_PREFIX_PATH=/home/vboxuser/agv_ws/install/lely_core_libraries:/home/vboxuser/agv_ws/install/canopen_interfaces:/home/vboxuser/agv_ws/install/my_simulation:/home/vboxuser/agv_ws/install/agv_py:/home/vboxuser/agv_ws/install/agv:/home/vboxuser/bumperbot_ws/install/bumperbot_cpp_examples:/home/vboxuser/bumperbot_ws/install/bumperbot_msgs:/home/vboxuser/bumperbot_ws/install/bumperbot_description:/home/vboxuser/bumperbot_ws/install/bumperbot_controller:/home/vboxuser/ros2_ws/install/my_simulation:/home/vboxuser/agv_ws/install/agv_py_functions:/home/vboxuser/bumperbot_ws/install/bumperbot_py_examples:/home/vboxuser/ros2_ws/install/my_py_pkg:/opt/ros/humble LD_LIBRARY_PATH=/home/vboxuser/agv_ws/install/lely_core_libraries/lib:/home/vboxuser/agv_ws/install/canopen_interfaces/lib:${LD_LIBRARY_PATH} PATH=/home/vboxuser/agv_ws/install/lely_core_libraries/bin:${PATH} PYTHONPATH=/home/vboxuser/agv_ws/install/lely_core_libraries/local/lib/python3.10/dist-packages:/home/vboxuser/agv_ws/install/lely_core_libraries/lib/python3.10/site-packages:/home/vboxuser/agv_ws/install/canopen_interfaces/local/lib/python3.10/dist-packages:${PYTHONPATH} /usr/bin/cmake --build /home/vboxuser/agv_ws/build/canopen_core -- -j4 -l4
