[0.051s] Invoking command in '/home/vboxuser/agv_ws/build/pgv100': CMAKE_PREFIX_PATH=${CMAKE_PREFIX_PATH}:/home/vboxuser/bumperbot_ws/install/bumperbot_py_examples:/home/vboxuser/ros2_ws/install/my_py_pkg:/opt/ros/humble /usr/bin/cmake /home/vboxuser/agv_ws/src/pgv100-ros2 -DAMENT_CMAKE_SYMLINK_INSTALL=1 -DCMAKE_INSTALL_PREFIX=/home/vboxuser/agv_ws/install/pgv100
[0.094s] -- Found ament_cmake: 1.3.8 (/opt/ros/humble/share/ament_cmake/cmake)
[0.420s] -- Found Python3: /usr/bin/python3 (found version "3.10.12") found components: Interpreter 
[0.558s] -- Override CMake install command with custom implementation using symlinks instead of copying resources
[0.598s] -- Found rclcpp: 16.0.8 (/opt/ros/humble/share/rclcpp/cmake)
[0.698s] -- Found rosidl_generator_c: 3.1.5 (/opt/ros/humble/share/rosidl_generator_c/cmake)
[0.716s] -- Found rosidl_adapter: 3.1.5 (/opt/ros/humble/share/rosidl_adapter/cmake)
[0.745s] -- Found rosidl_generator_cpp: 3.1.5 (/opt/ros/humble/share/rosidl_generator_cpp/cmake)
[0.796s] -- Using all available rosidl_typesupport_c: rosidl_typesupport_fastrtps_c;rosidl_typesupport_introspection_c
[0.853s] -- Using all available rosidl_typesupport_cpp: rosidl_typesupport_fastrtps_cpp;rosidl_typesupport_introspection_cpp
[1.064s] -- Found rmw_implementation_cmake: 6.1.1 (/opt/ros/humble/share/rmw_implementation_cmake/cmake)
[1.073s] -- Found rmw_fastrtps_cpp: 6.2.6 (/opt/ros/humble/share/rmw_fastrtps_cpp/cmake)
[1.378s] -- Using RMW implementation 'rmw_fastrtps_cpp' as default
[1.768s] -- Found rosidl_default_generators: 1.2.0 (/opt/ros/humble/share/rosidl_default_generators/cmake)
[2.348s] -- Found ament_cmake_ros: 0.10.0 (/opt/ros/humble/share/ament_cmake_ros/cmake)
[3.006s] -- Using all available rosidl_typesupport_c: rosidl_typesupport_fastrtps_c;rosidl_typesupport_introspection_c
[3.260s] -- Using all available rosidl_typesupport_cpp: rosidl_typesupport_fastrtps_cpp;rosidl_typesupport_introspection_cpp
[3.306s] -- Found python_cmake_module: 0.10.0 (/opt/ros/humble/share/python_cmake_module/cmake)
[3.347s] -- Using PYTHON_EXECUTABLE: /usr/bin/python3
[3.347s] -- Using PYTHON_INCLUDE_DIRS: /usr/include/python3.10
[3.347s] -- Using PYTHON_LIBRARIES: /usr/lib/x86_64-linux-gnu/libpython3.10.so
[3.445s] -- Configuring done
[3.592s] -- Generating done
[3.600s] -- Build files have been written to: /home/vboxuser/agv_ws/build/pgv100
[3.617s] Invoked command in '/home/vboxuser/agv_ws/build/pgv100' returned '0': CMAKE_PREFIX_PATH=${CMAKE_PREFIX_PATH}:/home/vboxuser/bumperbot_ws/install/bumperbot_py_examples:/home/vboxuser/ros2_ws/install/my_py_pkg:/opt/ros/humble /usr/bin/cmake /home/vboxuser/agv_ws/src/pgv100-ros2 -DAMENT_CMAKE_SYMLINK_INSTALL=1 -DCMAKE_INSTALL_PREFIX=/home/vboxuser/agv_ws/install/pgv100
[3.621s] Invoking command in '/home/vboxuser/agv_ws/build/pgv100': CMAKE_PREFIX_PATH=${CMAKE_PREFIX_PATH}:/home/vboxuser/bumperbot_ws/install/bumperbot_py_examples:/home/vboxuser/ros2_ws/install/my_py_pkg:/opt/ros/humble /usr/bin/cmake --build /home/vboxuser/agv_ws/build/pgv100 -- -j4 -l4
[3.718s] [  2%] [34m[1mGenerating C code for ROS interfaces[0m
[3.761s] [  4%] [34m[1mGenerating C++ code for ROS interfaces[0m
[3.790s] failed to create symbolic link '/home/vboxuser/agv_ws/build/pgv100/ament_cmake_python/pgv100/pgv100' because existing path cannot be removed: Is a directory
[3.815s] gmake[2]: *** [CMakeFiles/ament_cmake_python_symlink_pgv100.dir/build.make:70: CMakeFiles/ament_cmake_python_symlink_pgv100] Error 1
[3.816s] gmake[1]: *** [CMakeFiles/Makefile2:423: CMakeFiles/ament_cmake_python_symlink_pgv100.dir/all] Error 2
[3.816s] gmake[1]: *** Waiting for unfinished jobs....
[4.633s] [35m[1mConsolidate compiler generated dependencies of target pgv100__rosidl_generator_c[0m
[4.663s] [  7%] [32mBuilding C object CMakeFiles/pgv100__rosidl_generator_c.dir/rosidl_generator_c/pgv100/msg/detail/pgv_scan__functions.c.o[0m
[4.669s] [  9%] [32mBuilding C object CMakeFiles/pgv100__rosidl_generator_c.dir/rosidl_generator_c/pgv100/msg/detail/pgv_command__functions.c.o[0m
[4.678s] [  9%] Built target pgv100__cpp
[4.806s] [ 12%] [32m[1mLinking C shared library libpgv100__rosidl_generator_c.so[0m
[4.908s] [ 12%] Built target pgv100__rosidl_generator_c
[4.908s] gmake: *** [Makefile:146: all] Error 2
[4.919s] Invoked command in '/home/vboxuser/agv_ws/build/pgv100' returned '2': CMAKE_PREFIX_PATH=${CMAKE_PREFIX_PATH}:/home/vboxuser/bumperbot_ws/install/bumperbot_py_examples:/home/vboxuser/ros2_ws/install/my_py_pkg:/opt/ros/humble /usr/bin/cmake --build /home/vboxuser/agv_ws/build/pgv100 -- -j4 -l4
