[0.229s] Invoking command in '/home/vboxuser/agv_ws/build/canopen_fake_slaves': AMENT_PREFIX_PATH=/home/vboxuser/agv_ws/install/lely_core_libraries:${AMENT_PREFIX_PATH} CMAKE_PREFIX_PATH=/home/vboxuser/agv_ws/install/lely_core_libraries:/home/vboxuser/install/agv:/home/vboxuser/bumperbot_ws/install/bumperbot_cpp_examples:/home/vboxuser/bumperbot_ws/install/bumperbot_msgs:/home/vboxuser/bumperbot_ws/install/bumperbot_description:/home/vboxuser/bumperbot_ws/install/bumperbot_controller:/home/vboxuser/ros2_ws/install/my_simulation:/home/vboxuser/install/my_py_pkg:/home/vboxuser/install/agv_py_functions:/home/vboxuser/bumperbot_ws/install/bumperbot_py_examples:/home/vboxuser/ros2_ws/install/my_py_pkg:/opt/ros/humble LD_LIBRARY_PATH=/home/vboxuser/agv_ws/install/lely_core_libraries/lib:${LD_LIBRARY_PATH} PATH=/home/vboxuser/agv_ws/install/lely_core_libraries/bin:${PATH} PYTHONPATH=/home/vboxuser/agv_ws/install/lely_core_libraries/local/lib/python3.10/dist-packages:/home/vboxuser/agv_ws/install/lely_core_libraries/lib/python3.10/site-packages:${PYTHONPATH} /usr/bin/cmake --build /home/vboxuser/agv_ws/build/canopen_fake_slaves -- -j4 -l4
[0.382s] [35m[1mConsolidate compiler generated dependencies of target basic_slave_node[0m
[0.416s] [35m[1mConsolidate compiler generated dependencies of target cia402_slave_node[0m
[0.435s] [ 20%] [32mBuilding CXX object CMakeFiles/basic_slave_node.dir/src/basic_slave.cpp.o[0m
[0.494s] [ 40%] [32mBuilding CXX object CMakeFiles/cia402_slave_node.dir/src/cia402_slave.cpp.o[0m
[4.591s] gmake[2]: *** wait: No child processes.  Stop.
[4.591s] gmake[2]: *** Waiting for unfinished jobs....
[4.591s] gmake[2]: *** wait: No child processes.  Stop.
[4.591s] gmake[2]: *** [CMakeFiles/basic_slave_node.dir/build.make:76: CMakeFiles/basic_slave_node.dir/src/basic_slave.cpp.o] Interrupt
[4.591s] gmake[1]: *** [CMakeFiles/Makefile2:139: CMakeFiles/basic_slave_node.dir/all] Interrupt
[4.592s] gmake[1]: *** [CMakeFiles/Makefile2:165: CMakeFiles/cia402_slave_node.dir/all] Error 2
[4.592s] gmake: *** [Makefile:146: all] Interrupt
[4.658s] Invoked command in '/home/vboxuser/agv_ws/build/canopen_fake_slaves' returned '-2': AMENT_PREFIX_PATH=/home/vboxuser/agv_ws/install/lely_core_libraries:${AMENT_PREFIX_PATH} CMAKE_PREFIX_PATH=/home/vboxuser/agv_ws/install/lely_core_libraries:/home/vboxuser/install/agv:/home/vboxuser/bumperbot_ws/install/bumperbot_cpp_examples:/home/vboxuser/bumperbot_ws/install/bumperbot_msgs:/home/vboxuser/bumperbot_ws/install/bumperbot_description:/home/vboxuser/bumperbot_ws/install/bumperbot_controller:/home/vboxuser/ros2_ws/install/my_simulation:/home/vboxuser/install/my_py_pkg:/home/vboxuser/install/agv_py_functions:/home/vboxuser/bumperbot_ws/install/bumperbot_py_examples:/home/vboxuser/ros2_ws/install/my_py_pkg:/opt/ros/humble LD_LIBRARY_PATH=/home/vboxuser/agv_ws/install/lely_core_libraries/lib:${LD_LIBRARY_PATH} PATH=/home/vboxuser/agv_ws/install/lely_core_libraries/bin:${PATH} PYTHONPATH=/home/vboxuser/agv_ws/install/lely_core_libraries/local/lib/python3.10/dist-packages:/home/vboxuser/agv_ws/install/lely_core_libraries/lib/python3.10/site-packages:${PYTHONPATH} /usr/bin/cmake --build /home/vboxuser/agv_ws/build/canopen_fake_slaves -- -j4 -l4
