In file included from [01m[K/home/vboxuser/agv_ws/build/agv_controller/rosidl_generator_c/agv_controller/action/detail/move__functions.h:19[m[K,
                 from [01m[K/home/vboxuser/agv_ws/build/agv_controller/rosidl_generator_c/agv_controller/action/detail/move__functions.c:4[m[K:
[01m[K/home/vboxuser/agv_ws/build/agv_controller/rosidl_generator_c/agv_controller/action/detail/move__struct.h:22:10:[m[K [01;31m[Kfatal error: [m[Kgeometry_msgs/msg/detail/twist__struct.h: No such file or directory
   22 | #include [01;31m[K"geometry_msgs/msg/detail/twist__struct.h"[m[K
      |          [01;31m[K^~~~~~~~~~~~~~~~~~~~~~~~~~~~~~~~~~~~~~~~~~[m[K
compilation terminated.
gmake[2]: *** [CMakeFiles/agv_controller__rosidl_generator_c.dir/build.make:112: CMakeFiles/agv_controller__rosidl_generator_c.dir/rosidl_generator_c/agv_controller/action/detail/move__functions.c.o] Error 1
gmake[1]: *** [CMakeFiles/Makefile2:213: CMakeFiles/agv_controller__rosidl_generator_c.dir/all] Error 2
gmake[1]: *** Waiting for unfinished jobs....
In file included from [01m[K/home/vboxuser/agv_ws/build/agv_controller/rosidl_typesupport_cpp/agv_controller/action/move__type_support.cpp:7[m[K:
[01m[K/home/vboxuser/agv_ws/build/agv_controller/rosidl_generator_cpp/agv_controller/action/detail/move__struct.hpp:20:10:[m[K [01;31m[Kfatal error: [m[Kgeometry_msgs/msg/detail/twist__struct.hpp: No such file or directory
   20 | #include [01;31m[K"geometry_msgs/msg/detail/twist__struct.hpp"[m[K
      |          [01;31m[K^~~~~~~~~~~~~~~~~~~~~~~~~~~~~~~~~~~~~~~~~~~~[m[K
compilation terminated.
gmake[2]: *** [CMakeFiles/agv_controller__rosidl_typesupport_cpp.dir/build.make:93: CMakeFiles/agv_controller__rosidl_typesupport_cpp.dir/rosidl_typesupport_cpp/agv_controller/action/move__type_support.cpp.o] Error 1
gmake[1]: *** [CMakeFiles/Makefile2:395: CMakeFiles/agv_controller__rosidl_typesupport_cpp.dir/all] Error 2
In file included from [01m[K/home/vboxuser/agv_ws/build/agv_controller/rosidl_typesupport_introspection_cpp/agv_controller/action/detail/move__type_support.cpp:12[m[K:
[01m[K/home/vboxuser/agv_ws/build/agv_controller/rosidl_generator_cpp/agv_controller/action/detail/move__struct.hpp:20:10:[m[K [01;31m[Kfatal error: [m[Kgeometry_msgs/msg/detail/twist__struct.hpp: No such file or directory
   20 | #include [01;31m[K"geometry_msgs/msg/detail/twist__struct.hpp"[m[K
      |          [01;31m[K^~~~~~~~~~~~~~~~~~~~~~~~~~~~~~~~~~~~~~~~~~~~[m[K
compilation terminated.
gmake[2]: *** [CMakeFiles/agv_controller__rosidl_typesupport_introspection_cpp.dir/build.make:98: CMakeFiles/agv_controller__rosidl_typesupport_introspection_cpp.dir/rosidl_typesupport_introspection_cpp/agv_controller/action/detail/move__type_support.cpp.o] Error 1
gmake[1]: *** [CMakeFiles/Makefile2:369: CMakeFiles/agv_controller__rosidl_typesupport_introspection_cpp.dir/all] Error 2
In file included from [01m[K/home/vboxuser/agv_ws/build/agv_controller/rosidl_typesupport_fastrtps_cpp/agv_controller/action/detail/move__rosidl_typesupport_fastrtps_cpp.hpp:11[m[K,
                 from [01m[K/home/vboxuser/agv_ws/build/agv_controller/rosidl_typesupport_fastrtps_cpp/agv_controller/action/detail/dds_fastrtps/move__type_support.cpp:4[m[K:
[01m[K/home/vboxuser/agv_ws/build/agv_controller/rosidl_generator_cpp/agv_controller/action/detail/move__struct.hpp:20:10:[m[K [01;31m[Kfatal error: [m[Kgeometry_msgs/msg/detail/twist__struct.hpp: No such file or directory
   20 | #include [01;31m[K"geometry_msgs/msg/detail/twist__struct.hpp"[m[K
      |          [01;31m[K^~~~~~~~~~~~~~~~~~~~~~~~~~~~~~~~~~~~~~~~~~~~[m[K
compilation terminated.
gmake[2]: *** [CMakeFiles/agv_controller__rosidl_typesupport_fastrtps_cpp.dir/build.make:98: CMakeFiles/agv_controller__rosidl_typesupport_fastrtps_cpp.dir/rosidl_typesupport_fastrtps_cpp/agv_controller/action/detail/dds_fastrtps/move__type_support.cpp.o] Error 1
gmake[1]: *** [CMakeFiles/Makefile2:291: CMakeFiles/agv_controller__rosidl_typesupport_fastrtps_cpp.dir/all] Error 2
gmake: *** [Makefile:146: all] Error 2
