[0.038s] Invoking command in '/home/vboxuser/agv_ws/build/agv_controller': CMAKE_PREFIX_PATH=/home/vboxuser/agv_ws/install/wheel_control:/home/vboxuser/agv_ws/install/pgv100:/home/vboxuser/agv_ws/install/panda_rviz_viewer:/home/vboxuser/agv_ws/install/panda_canopen:/home/vboxuser/agv_ws/install/my_simulation:/home/vboxuser/agv_ws/install/canopen_tests:/home/vboxuser/agv_ws/install/canopen_ros2_controllers:/home/vboxuser/agv_ws/install/canopen_ros2_control:/home/vboxuser/agv_ws/install/canopen_robot_control_example:/home/vboxuser/agv_ws/install/canopen_kinco3:/home/vboxuser/agv_ws/install/canopen_kinco2:/home/vboxuser/agv_ws/install/canopen_kinco:/home/vboxuser/agv_ws/install/canopen:/home/vboxuser/agv_ws/install/canopen_402_driver:/home/vboxuser/agv_ws/install/canopen_proxy_driver:/home/vboxuser/agv_ws/install/canopen_master_driver:/home/vboxuser/agv_ws/install/canopen_fake_slaves:/home/vboxuser/agv_ws/install/canopen_base_driver:/home/vboxuser/agv_ws/install/canopen_core:/home/vboxuser/agv_ws/install/lely_core_libraries:/home/vboxuser/agv_ws/install/canopen_interfaces:/home/vboxuser/agv_ws/install/agv_py:/home/vboxuser/agv_ws/install/agv_msgs:/home/vboxuser/agv_ws/install/agv_controllers:/home/vboxuser/agv_ws/install/odometry:/home/vboxuser/agv_ws/install/communication:/home/vboxuser/agv_ws/install/canopen_utils:/home/vboxuser/agv_ws/install/agv_py_functions:/home/vboxuser/bumperbot_ws/install/bumperbot_py_examples:/home/vboxuser/ros2_ws/install/my_py_pkg:/opt/ros/humble:/home/vboxuser/agv_ws/install/agv_controller:/home/vboxuser/agv_ws/install/agv:/home/vboxuser/bumperbot_ws/install/bumperbot_cpp_examples:/home/vboxuser/bumperbot_ws/install/bumperbot_msgs:/home/vboxuser/bumperbot_ws/install/bumperbot_description:/home/vboxuser/bumperbot_ws/install/bumperbot_controller:/home/vboxuser/ros2_ws/install/my_simulation /usr/bin/cmake --build /home/vboxuser/agv_ws/build/agv_controller -- -j4 -l4
[0.085s] -- Found ament_cmake: 1.3.8 (/opt/ros/humble/share/ament_cmake/cmake)
[0.340s] -- Found rclpy: 3.3.12 (/opt/ros/humble/share/rclpy/cmake)
[0.340s] -- Found std_msgs: 4.2.3 (/opt/ros/humble/share/std_msgs/cmake)
[0.391s] -- Found rosidl_generator_c: 3.1.5 (/opt/ros/humble/share/rosidl_generator_c/cmake)
[0.396s] -- Found rosidl_adapter: 3.1.5 (/opt/ros/humble/share/rosidl_adapter/cmake)
[0.407s] -- Found rosidl_generator_cpp: 3.1.5 (/opt/ros/humble/share/rosidl_generator_cpp/cmake)
[0.433s] -- Using all available rosidl_typesupport_c: rosidl_typesupport_fastrtps_c;rosidl_typesupport_introspection_c
[0.473s] -- Using all available rosidl_typesupport_cpp: rosidl_typesupport_fastrtps_cpp;rosidl_typesupport_introspection_cpp
[0.603s] -- Found geometry_msgs: 4.2.3 (/opt/ros/humble/share/geometry_msgs/cmake)
[0.699s] -- Found action_msgs: 1.2.1 (/opt/ros/humble/share/action_msgs/cmake)
[0.830s] -- Found rosidl_default_generators: 1.2.0 (/opt/ros/humble/share/rosidl_default_generators/cmake)
[1.385s] -- Found ament_cmake_ros: 0.10.0 (/opt/ros/humble/share/ament_cmake_ros/cmake)
[2.063s] -- Using all available rosidl_typesupport_c: rosidl_typesupport_fastrtps_c;rosidl_typesupport_introspection_c
[2.316s] -- Using all available rosidl_typesupport_cpp: rosidl_typesupport_fastrtps_cpp;rosidl_typesupport_introspection_cpp
[2.366s] -- Found PythonInterp: /usr/bin/python3 (found suitable version "3.10.12", minimum required is "3.6") 
[2.376s] -- Found python_cmake_module: 0.10.0 (/opt/ros/humble/share/python_cmake_module/cmake)
[2.439s] -- Found PythonLibs: /usr/lib/x86_64-linux-gnu/libpython3.10.so (found suitable version "3.10.12", minimum required is "3.5") 
[2.439s] -- Using PYTHON_EXECUTABLE: /usr/bin/python3
[2.439s] -- Using PYTHON_INCLUDE_DIRS: /usr/include/python3.10
[2.439s] -- Using PYTHON_LIBRARIES: /usr/lib/x86_64-linux-gnu/libpython3.10.so
[2.486s] -- Found PythonExtra: .so  
[2.620s] -- Found ament_lint_auto: 0.12.10 (/opt/ros/humble/share/ament_lint_auto/cmake)
[2.649s] -- Added test 'flake8' to check Python code syntax and style conventions
[2.650s] -- Added test 'lint_cmake' to check CMake code style
[2.651s] -- Added test 'pep257' to check Python code against some of the docstring style conventions in PEP 257
[2.653s] -- Added test 'xmllint' to check XML markup files
[2.661s] -- Configuring done
[2.729s] -- Generating done
[2.734s] -- Build files have been written to: /home/vboxuser/agv_ws/build/agv_controller
[2.779s] [  3%] [34m[1mGenerating C code for ROS interfaces[0m
[2.796s] [  6%] [34m[1mGenerating C++ code for ROS interfaces[0m
[2.809s] [  6%] Built target ament_cmake_python_copy_agv_controller
[3.408s] running egg_info
[3.408s] creating agv_controller.egg-info
[3.409s] writing agv_controller.egg-info/PKG-INFO
[3.409s] writing dependency_links to agv_controller.egg-info/dependency_links.txt
[3.409s] writing top-level names to agv_controller.egg-info/top_level.txt
[3.409s] writing manifest file 'agv_controller.egg-info/SOURCES.txt'
[3.413s] reading manifest file 'agv_controller.egg-info/SOURCES.txt'
[3.414s] writing manifest file 'agv_controller.egg-info/SOURCES.txt'
[3.466s] [  6%] Built target ament_cmake_python_build_agv_controller_egg
[3.945s] [  6%] Built target agv_controller__cpp
[3.965s] [  9%] [32mBuilding C object CMakeFiles/agv_controller__rosidl_generator_c.dir/rosidl_generator_c/agv_controller/action/detail/move__functions.c.o[0m
[3.966s] [ 12%] [34m[1mGenerating C++ type support dispatch for ROS interfaces[0m
[3.971s] [ 16%] [34m[1mGenerating C++ introspection for ROS interfaces[0m
[3.975s] [ 19%] [34m[1mGenerating C++ type support for eProsima Fast-RTPS[0m
[4.017s] In file included from [01m[K/home/vboxuser/agv_ws/build/agv_controller/rosidl_generator_c/agv_controller/action/detail/move__functions.h:19[m[K,
[4.017s]                  from [01m[K/home/vboxuser/agv_ws/build/agv_controller/rosidl_generator_c/agv_controller/action/detail/move__functions.c:4[m[K:
[4.017s] [01m[K/home/vboxuser/agv_ws/build/agv_controller/rosidl_generator_c/agv_controller/action/detail/move__struct.h:22:10:[m[K [01;31m[Kfatal error: [m[Kgeometry_msgs/msg/detail/twist__struct.h: No such file or directory
[4.017s]    22 | #include [01;31m[K"geometry_msgs/msg/detail/twist__struct.h"[m[K
[4.017s]       |          [01;31m[K^~~~~~~~~~~~~~~~~~~~~~~~~~~~~~~~~~~~~~~~~~[m[K
[4.017s] compilation terminated.
[4.018s] gmake[2]: *** [CMakeFiles/agv_controller__rosidl_generator_c.dir/build.make:112: CMakeFiles/agv_controller__rosidl_generator_c.dir/rosidl_generator_c/agv_controller/action/detail/move__functions.c.o] Error 1
[4.018s] gmake[1]: *** [CMakeFiles/Makefile2:213: CMakeFiles/agv_controller__rosidl_generator_c.dir/all] Error 2
[4.018s] gmake[1]: *** Waiting for unfinished jobs....
[4.662s] [ 22%] [32mBuilding CXX object CMakeFiles/agv_controller__rosidl_typesupport_cpp.dir/rosidl_typesupport_cpp/agv_controller/action/move__type_support.cpp.o[0m
[4.837s] [ 25%] [32mBuilding CXX object CMakeFiles/agv_controller__rosidl_typesupport_introspection_cpp.dir/rosidl_typesupport_introspection_cpp/agv_controller/action/detail/move__type_support.cpp.o[0m
[4.841s] In file included from [01m[K/home/vboxuser/agv_ws/build/agv_controller/rosidl_typesupport_cpp/agv_controller/action/move__type_support.cpp:7[m[K:
[4.841s] [01m[K/home/vboxuser/agv_ws/build/agv_controller/rosidl_generator_cpp/agv_controller/action/detail/move__struct.hpp:20:10:[m[K [01;31m[Kfatal error: [m[Kgeometry_msgs/msg/detail/twist__struct.hpp: No such file or directory
[4.841s]    20 | #include [01;31m[K"geometry_msgs/msg/detail/twist__struct.hpp"[m[K
[4.841s]       |          [01;31m[K^~~~~~~~~~~~~~~~~~~~~~~~~~~~~~~~~~~~~~~~~~~~[m[K
[4.841s] compilation terminated.
[4.842s] gmake[2]: *** [CMakeFiles/agv_controller__rosidl_typesupport_cpp.dir/build.make:93: CMakeFiles/agv_controller__rosidl_typesupport_cpp.dir/rosidl_typesupport_cpp/agv_controller/action/move__type_support.cpp.o] Error 1
[4.843s] gmake[1]: *** [CMakeFiles/Makefile2:395: CMakeFiles/agv_controller__rosidl_typesupport_cpp.dir/all] Error 2
[4.956s] In file included from [01m[K/home/vboxuser/agv_ws/build/agv_controller/rosidl_typesupport_introspection_cpp/agv_controller/action/detail/move__type_support.cpp:12[m[K:
[4.956s] [01m[K/home/vboxuser/agv_ws/build/agv_controller/rosidl_generator_cpp/agv_controller/action/detail/move__struct.hpp:20:10:[m[K [01;31m[Kfatal error: [m[Kgeometry_msgs/msg/detail/twist__struct.hpp: No such file or directory
[4.956s]    20 | #include [01;31m[K"geometry_msgs/msg/detail/twist__struct.hpp"[m[K
[4.956s]       |          [01;31m[K^~~~~~~~~~~~~~~~~~~~~~~~~~~~~~~~~~~~~~~~~~~~[m[K
[4.956s] compilation terminated.
[4.969s] [ 29%] [32mBuilding CXX object CMakeFiles/agv_controller__rosidl_typesupport_fastrtps_cpp.dir/rosidl_typesupport_fastrtps_cpp/agv_controller/action/detail/dds_fastrtps/move__type_support.cpp.o[0m
[4.970s] gmake[2]: *** [CMakeFiles/agv_controller__rosidl_typesupport_introspection_cpp.dir/build.make:98: CMakeFiles/agv_controller__rosidl_typesupport_introspection_cpp.dir/rosidl_typesupport_introspection_cpp/agv_controller/action/detail/move__type_support.cpp.o] Error 1
[4.970s] gmake[1]: *** [CMakeFiles/Makefile2:369: CMakeFiles/agv_controller__rosidl_typesupport_introspection_cpp.dir/all] Error 2
[5.062s] In file included from [01m[K/home/vboxuser/agv_ws/build/agv_controller/rosidl_typesupport_fastrtps_cpp/agv_controller/action/detail/move__rosidl_typesupport_fastrtps_cpp.hpp:11[m[K,
[5.063s]                  from [01m[K/home/vboxuser/agv_ws/build/agv_controller/rosidl_typesupport_fastrtps_cpp/agv_controller/action/detail/dds_fastrtps/move__type_support.cpp:4[m[K:
[5.063s] [01m[K/home/vboxuser/agv_ws/build/agv_controller/rosidl_generator_cpp/agv_controller/action/detail/move__struct.hpp:20:10:[m[K [01;31m[Kfatal error: [m[Kgeometry_msgs/msg/detail/twist__struct.hpp: No such file or directory
[5.063s]    20 | #include [01;31m[K"geometry_msgs/msg/detail/twist__struct.hpp"[m[K
[5.063s]       |          [01;31m[K^~~~~~~~~~~~~~~~~~~~~~~~~~~~~~~~~~~~~~~~~~~~[m[K
[5.063s] compilation terminated.
[5.064s] gmake[2]: *** [CMakeFiles/agv_controller__rosidl_typesupport_fastrtps_cpp.dir/build.make:98: CMakeFiles/agv_controller__rosidl_typesupport_fastrtps_cpp.dir/rosidl_typesupport_fastrtps_cpp/agv_controller/action/detail/dds_fastrtps/move__type_support.cpp.o] Error 1
[5.064s] gmake[1]: *** [CMakeFiles/Makefile2:291: CMakeFiles/agv_controller__rosidl_typesupport_fastrtps_cpp.dir/all] Error 2
[5.064s] gmake: *** [Makefile:146: all] Error 2
[5.069s] Invoked command in '/home/vboxuser/agv_ws/build/agv_controller' returned '2': CMAKE_PREFIX_PATH=/home/vboxuser/agv_ws/install/wheel_control:/home/vboxuser/agv_ws/install/pgv100:/home/vboxuser/agv_ws/install/panda_rviz_viewer:/home/vboxuser/agv_ws/install/panda_canopen:/home/vboxuser/agv_ws/install/my_simulation:/home/vboxuser/agv_ws/install/canopen_tests:/home/vboxuser/agv_ws/install/canopen_ros2_controllers:/home/vboxuser/agv_ws/install/canopen_ros2_control:/home/vboxuser/agv_ws/install/canopen_robot_control_example:/home/vboxuser/agv_ws/install/canopen_kinco3:/home/vboxuser/agv_ws/install/canopen_kinco2:/home/vboxuser/agv_ws/install/canopen_kinco:/home/vboxuser/agv_ws/install/canopen:/home/vboxuser/agv_ws/install/canopen_402_driver:/home/vboxuser/agv_ws/install/canopen_proxy_driver:/home/vboxuser/agv_ws/install/canopen_master_driver:/home/vboxuser/agv_ws/install/canopen_fake_slaves:/home/vboxuser/agv_ws/install/canopen_base_driver:/home/vboxuser/agv_ws/install/canopen_core:/home/vboxuser/agv_ws/install/lely_core_libraries:/home/vboxuser/agv_ws/install/canopen_interfaces:/home/vboxuser/agv_ws/install/agv_py:/home/vboxuser/agv_ws/install/agv_msgs:/home/vboxuser/agv_ws/install/agv_controllers:/home/vboxuser/agv_ws/install/odometry:/home/vboxuser/agv_ws/install/communication:/home/vboxuser/agv_ws/install/canopen_utils:/home/vboxuser/agv_ws/install/agv_py_functions:/home/vboxuser/bumperbot_ws/install/bumperbot_py_examples:/home/vboxuser/ros2_ws/install/my_py_pkg:/opt/ros/humble:/home/vboxuser/agv_ws/install/agv_controller:/home/vboxuser/agv_ws/install/agv:/home/vboxuser/bumperbot_ws/install/bumperbot_cpp_examples:/home/vboxuser/bumperbot_ws/install/bumperbot_msgs:/home/vboxuser/bumperbot_ws/install/bumperbot_description:/home/vboxuser/bumperbot_ws/install/bumperbot_controller:/home/vboxuser/ros2_ws/install/my_simulation /usr/bin/cmake --build /home/vboxuser/agv_ws/build/agv_controller -- -j4 -l4
