[0.000000] (-) TimerEvent: {}
[0.000162] (-) JobUnselected: {'identifier': 'agv'}
[0.000195] (-) JobUnselected: {'identifier': 'agv_controller'}
[0.000219] (-) JobUnselected: {'identifier': 'agv_py_functions'}
[0.000240] (-) JobUnselected: {'identifier': 'canopen'}
[0.000261] (-) JobUnselected: {'identifier': 'canopen_402_driver'}
[0.000280] (-) JobUnselected: {'identifier': 'canopen_base_driver'}
[0.000312] (-) JobUnselected: {'identifier': 'canopen_core'}
[0.000331] (-) JobUnselected: {'identifier': 'canopen_fake_slaves'}
[0.000349] (-) JobUnselected: {'identifier': 'canopen_interfaces'}
[0.000367] (-) JobUnselected: {'identifier': 'canopen_kinco3'}
[0.000385] (-) JobUnselected: {'identifier': 'canopen_master_driver'}
[0.000403] (-) JobUnselected: {'identifier': 'canopen_proxy_driver'}
[0.000422] (-) JobUnselected: {'identifier': 'canopen_ros2_control'}
[0.000440] (-) JobUnselected: {'identifier': 'canopen_ros2_controllers'}
[0.000458] (-) JobUnselected: {'identifier': 'canopen_tests'}
[0.000476] (-) JobUnselected: {'identifier': 'canopen_utils'}
[0.000494] (-) JobUnselected: {'identifier': 'communication'}
[0.000512] (-) JobUnselected: {'identifier': 'lely_core_libraries'}
[0.000530] (-) JobUnselected: {'identifier': 'movement'}
[0.000548] (-) JobUnselected: {'identifier': 'my_simulation'}
[0.000585] (-) JobUnselected: {'identifier': 'odometry'}
[0.000687] (-) JobUnselected: {'identifier': 'pgv100'}
[0.000734] (agv_msgs) JobQueued: {'identifier': 'agv_msgs', 'dependencies': OrderedDict()}
[0.000776] (agv_msgs) JobStarted: {'identifier': 'agv_msgs'}
[0.028050] (agv_msgs) JobProgress: {'identifier': 'agv_msgs', 'progress': 'cmake'}
[0.029100] (agv_msgs) JobProgress: {'identifier': 'agv_msgs', 'progress': 'build'}
[0.030641] (agv_msgs) Command: {'cmd': ['/usr/bin/cmake', '--build', '/home/vboxuser/agv_ws/build/agv_msgs', '--', '-j4', '-l4'], 'cwd': '/home/vboxuser/agv_ws/build/agv_msgs', 'env': OrderedDict([('GJS_DEBUG_TOPICS', 'JS ERROR;JS LOG'), ('LESSOPEN', '| /usr/bin/lesspipe %s'), ('LANGUAGE', 'en_SG:en'), ('USER', 'vboxuser'), ('XDG_SESSION_TYPE', 'wayland'), ('SHLVL', '1'), ('LD_LIBRARY_PATH', '/home/vboxuser/agv_ws/install/pgv100/lib:/home/vboxuser/agv_ws/install/canopen_ros2_controllers/lib:/home/vboxuser/agv_ws/install/canopen_ros2_control/lib:/home/vboxuser/agv_ws/install/canopen_402_driver/lib:/home/vboxuser/agv_ws/install/canopen_proxy_driver/lib:/home/vboxuser/agv_ws/install/canopen_master_driver/lib:/home/vboxuser/agv_ws/install/canopen_base_driver/lib:/home/vboxuser/agv_ws/install/canopen_core/lib:/home/vboxuser/agv_ws/install/lely_core_libraries/lib:/home/vboxuser/agv_ws/install/canopen_interfaces/lib:/home/vboxuser/agv_ws/install/agv_msgs/lib:/home/vboxuser/bumperbot_ws/install/bumperbot_msgs/lib:/usr/lib/x86_64-linux-gnu/gazebo-11/plugins:/opt/ros/humble/opt/rviz_ogre_vendor/lib:/opt/ros/humble/lib/x86_64-linux-gnu:/opt/ros/humble/lib'), ('HOME', '/home/vboxuser'), ('OLDPWD', '/home/vboxuser'), ('DESKTOP_SESSION', 'ubuntu'), ('GIO_LAUNCHED_DESKTOP_FILE', '/usr/share/applications/terminator.desktop'), ('ROS_PYTHON_VERSION', '3'), ('GNOME_SHELL_SESSION_MODE', 'ubuntu'), ('GTK_MODULES', 'gail:atk-bridge'), ('MANAGERPID', '1242'), ('SYSTEMD_EXEC_PID', '1395'), ('DBUS_SESSION_BUS_ADDRESS', 'unix:path=/run/user/1000/bus'), ('COLORTERM', 'truecolor'), ('TERMINATOR_DBUS_NAME', 'net.tenshu.Terminator25ef4b219e3b005583550f2b0f9f990c3'), ('GIO_LAUNCHED_DESKTOP_FILE_PID', '9791'), ('IM_CONFIG_PHASE', '1'), ('WAYLAND_DISPLAY', 'wayland-0'), ('COLCON_PREFIX_PATH', '/home/vboxuser/agv_ws/install:/home/vboxuser/bumperbot_ws/install:/home/vboxuser/ros2_ws/install'), ('ROS_DISTRO', 'humble'), ('LOGNAME', 'vboxuser'), ('JOURNAL_STREAM', '8:23477'), ('_', '/usr/bin/colcon'), ('ROS_VERSION', '2'), ('XDG_SESSION_CLASS', 'user'), ('USERNAME', 'vboxuser'), ('TERM', 'xterm-256color'), ('GNOME_DESKTOP_SESSION_ID', 'this-is-deprecated'), ('ROS_LOCALHOST_ONLY', '0'), ('PATH', '/home/vboxuser/agv_ws/install/lely_core_libraries/bin:/opt/ros/humble/bin:/home/vboxuser/.local/bin:/usr/local/sbin:/usr/local/bin:/usr/sbin:/usr/bin:/sbin:/bin:/usr/games:/usr/local/games:/snap/bin:/snap/bin'), ('SESSION_MANAGER', 'local/ROS2:@/tmp/.ICE-unix/1372,unix/ROS2:/tmp/.ICE-unix/1372'), ('INVOCATION_ID', '05fabf30da9b42de985dd7ab2bc5bb02'), ('XDG_MENU_PREFIX', 'gnome-'), ('GNOME_SETUP_DISPLAY', ':1'), ('XDG_RUNTIME_DIR', '/run/user/1000'), ('DISPLAY', ':0'), ('TERMINATOR_DBUS_PATH', '/net/tenshu/Terminator2'), ('LANG', 'en_SG.UTF-8'), ('XDG_CURRENT_DESKTOP', 'ubuntu:GNOME'), ('IBUS_DISABLE_SNOOPER', '1'), ('XMODIFIERS', '@im=ibus'), ('XDG_SESSION_DESKTOP', 'ubuntu'), ('XAUTHORITY', '/run/user/1000/.mutter-Xwaylandauth.PQQ1M2'), ('LS_COLORS', 'rs=0:di=01;34:ln=01;36:mh=00:pi=40;33:so=01;35:do=01;35:bd=40;33;01:cd=40;33;01:or=40;31;01:mi=00:su=37;41:sg=30;43:ca=30;41:tw=30;42:ow=34;42:st=37;44:ex=01;32:*.tar=01;31:*.tgz=01;31:*.arc=01;31:*.arj=01;31:*.taz=01;31:*.lha=01;31:*.lz4=01;31:*.lzh=01;31:*.lzma=01;31:*.tlz=01;31:*.txz=01;31:*.tzo=01;31:*.t7z=01;31:*.zip=01;31:*.z=01;31:*.dz=01;31:*.gz=01;31:*.lrz=01;31:*.lz=01;31:*.lzo=01;31:*.xz=01;31:*.zst=01;31:*.tzst=01;31:*.bz2=01;31:*.bz=01;31:*.tbz=01;31:*.tbz2=01;31:*.tz=01;31:*.deb=01;31:*.rpm=01;31:*.jar=01;31:*.war=01;31:*.ear=01;31:*.sar=01;31:*.rar=01;31:*.alz=01;31:*.ace=01;31:*.zoo=01;31:*.cpio=01;31:*.7z=01;31:*.rz=01;31:*.cab=01;31:*.wim=01;31:*.swm=01;31:*.dwm=01;31:*.esd=01;31:*.jpg=01;35:*.jpeg=01;35:*.mjpg=01;35:*.mjpeg=01;35:*.gif=01;35:*.bmp=01;35:*.pbm=01;35:*.pgm=01;35:*.ppm=01;35:*.tga=01;35:*.xbm=01;35:*.xpm=01;35:*.tif=01;35:*.tiff=01;35:*.png=01;35:*.svg=01;35:*.svgz=01;35:*.mng=01;35:*.pcx=01;35:*.mov=01;35:*.mpg=01;35:*.mpeg=01;35:*.m2v=01;35:*.mkv=01;35:*.webm=01;35:*.webp=01;35:*.ogm=01;35:*.mp4=01;35:*.m4v=01;35:*.mp4v=01;35:*.vob=01;35:*.qt=01;35:*.nuv=01;35:*.wmv=01;35:*.asf=01;35:*.rm=01;35:*.rmvb=01;35:*.flc=01;35:*.avi=01;35:*.fli=01;35:*.flv=01;35:*.gl=01;35:*.dl=01;35:*.xcf=01;35:*.xwd=01;35:*.yuv=01;35:*.cgm=01;35:*.emf=01;35:*.ogv=01;35:*.ogx=01;35:*.aac=00;36:*.au=00;36:*.flac=00;36:*.m4a=00;36:*.mid=00;36:*.midi=00;36:*.mka=00;36:*.mp3=00;36:*.mpc=00;36:*.ogg=00;36:*.ra=00;36:*.wav=00;36:*.oga=00;36:*.opus=00;36:*.spx=00;36:*.xspf=00;36:'), ('SSH_AGENT_LAUNCHER', 'gnome-keyring'), ('SSH_AUTH_SOCK', '/run/user/1000/keyring/ssh'), ('AMENT_PREFIX_PATH', '/home/vboxuser/agv_ws/install/wheel_control:/home/vboxuser/agv_ws/install/pgv100:/home/vboxuser/agv_ws/install/panda_rviz_viewer:/home/vboxuser/agv_ws/install/panda_canopen:/home/vboxuser/agv_ws/install/odometry:/home/vboxuser/agv_ws/install/my_simulation:/home/vboxuser/agv_ws/install/movement:/home/vboxuser/agv_ws/install/canopen_tests:/home/vboxuser/agv_ws/install/canopen_ros2_controllers:/home/vboxuser/agv_ws/install/canopen_ros2_control:/home/vboxuser/agv_ws/install/canopen_robot_control_example:/home/vboxuser/agv_ws/install/canopen_kinco3:/home/vboxuser/agv_ws/install/canopen_kinco2:/home/vboxuser/agv_ws/install/canopen_kinco:/home/vboxuser/agv_ws/install/canopen:/home/vboxuser/agv_ws/install/canopen_402_driver:/home/vboxuser/agv_ws/install/canopen_proxy_driver:/home/vboxuser/agv_ws/install/canopen_master_driver:/home/vboxuser/agv_ws/install/canopen_fake_slaves:/home/vboxuser/agv_ws/install/canopen_base_driver:/home/vboxuser/agv_ws/install/canopen_core:/home/vboxuser/agv_ws/install/lely_core_libraries:/home/vboxuser/agv_ws/install/communication:/home/vboxuser/agv_ws/install/canopen_utils:/home/vboxuser/agv_ws/install/canopen_interfaces:/home/vboxuser/agv_ws/install/agv_py_functions:/home/vboxuser/agv_ws/install/agv_py:/home/vboxuser/agv_ws/install/agv_msgs:/home/vboxuser/agv_ws/install/agv_controllers:/home/vboxuser/agv_ws/install/agv_controller:/home/vboxuser/agv_ws/install/agv:/home/vboxuser/bumperbot_ws/install/bumperbot_py_examples:/home/vboxuser/bumperbot_ws/install/bumperbot_cpp_examples:/home/vboxuser/bumperbot_ws/install/bumperbot_msgs:/home/vboxuser/bumperbot_ws/install/bumperbot_description:/home/vboxuser/bumperbot_ws/install/bumperbot_controller:/home/vboxuser/ros2_ws/install/my_simulation:/home/vboxuser/ros2_ws/install/my_py_pkg:/opt/ros/humble'), ('SHELL', '/bin/bash'), ('TERMINATOR_UUID', 'urn:uuid:2ed8393d-cb60-41ca-9b50-9ebe5275a513'), ('QT_ACCESSIBILITY', '1'), ('GDMSESSION', 'ubuntu'), ('LESSCLOSE', '/usr/bin/lesspipe %s %s'), ('GJS_DEBUG_OUTPUT', 'stderr'), ('QT_IM_MODULE', 'ibus'), ('PWD', '/home/vboxuser/agv_ws/build/agv_msgs'), ('XDG_CONFIG_DIRS', '/etc/xdg/xdg-ubuntu:/etc/xdg'), ('XDG_DATA_DIRS', '/usr/share/ubuntu:/usr/local/share/:/usr/share/:/var/lib/snapd/desktop'), ('PYTHONPATH', '/home/vboxuser/agv_ws/install/pgv100/local/lib/python3.10/dist-packages:/home/vboxuser/agv_ws/install/odometry/lib/python3.10/site-packages:/home/vboxuser/agv_ws/install/movement/lib/python3.10/site-packages:/home/vboxuser/agv_ws/install/lely_core_libraries/local/lib/python3.10/dist-packages:/home/vboxuser/agv_ws/install/lely_core_libraries/lib/python3.10/site-packages:/home/vboxuser/agv_ws/install/communication/lib/python3.10/site-packages:/home/vboxuser/agv_ws/install/canopen_utils/lib/python3.10/site-packages:/home/vboxuser/agv_ws/install/canopen_interfaces/local/lib/python3.10/dist-packages:/home/vboxuser/agv_ws/install/agv_py_functions/lib/python3.10/site-packages:/home/vboxuser/agv_ws/install/agv_py/lib/python3.10/site-packages:/home/vboxuser/agv_ws/install/agv_msgs/local/lib/python3.10/dist-packages:/home/vboxuser/agv_ws/install/agv/lib/python3.10/site-packages:/home/vboxuser/bumperbot_ws/install/bumperbot_py_examples/lib/python3.10/site-packages:/home/vboxuser/bumperbot_ws/install/bumperbot_msgs/local/lib/python3.10/dist-packages:/home/vboxuser/bumperbot_ws/install/bumperbot_controller/local/lib/python3.10/dist-packages:/home/vboxuser/ros2_ws/install/my_py_pkg/lib/python3.10/site-packages:/opt/ros/humble/lib/python3.10/site-packages:/opt/ros/humble/local/lib/python3.10/dist-packages'), ('COLCON', '1'), ('VTE_VERSION', '6800'), ('CMAKE_PREFIX_PATH', '/home/vboxuser/agv_ws/install/wheel_control:/home/vboxuser/agv_ws/install/pgv100:/home/vboxuser/agv_ws/install/panda_rviz_viewer:/home/vboxuser/agv_ws/install/panda_canopen:/home/vboxuser/agv_ws/install/my_simulation:/home/vboxuser/agv_ws/install/canopen_tests:/home/vboxuser/agv_ws/install/canopen_ros2_controllers:/home/vboxuser/agv_ws/install/canopen_ros2_control:/home/vboxuser/agv_ws/install/canopen_robot_control_example:/home/vboxuser/agv_ws/install/canopen_kinco3:/home/vboxuser/agv_ws/install/canopen_kinco2:/home/vboxuser/agv_ws/install/canopen_kinco:/home/vboxuser/agv_ws/install/canopen:/home/vboxuser/agv_ws/install/canopen_402_driver:/home/vboxuser/agv_ws/install/canopen_proxy_driver:/home/vboxuser/agv_ws/install/canopen_master_driver:/home/vboxuser/agv_ws/install/canopen_fake_slaves:/home/vboxuser/agv_ws/install/canopen_base_driver:/home/vboxuser/agv_ws/install/canopen_core:/home/vboxuser/agv_ws/install/lely_core_libraries:/home/vboxuser/agv_ws/install/canopen_interfaces:/home/vboxuser/agv_ws/install/agv_py:/home/vboxuser/agv_ws/install/agv_msgs:/home/vboxuser/agv_ws/install/agv_controllers:/home/vboxuser/agv_ws/install/odometry:/home/vboxuser/agv_ws/install/movement:/home/vboxuser/agv_ws/install/communication:/home/vboxuser/agv_ws/install/canopen_utils:/home/vboxuser/agv_ws/install/agv_py_functions:/home/vboxuser/bumperbot_ws/install/bumperbot_py_examples:/home/vboxuser/ros2_ws/install/my_py_pkg:/opt/ros/humble:/home/vboxuser/agv_ws/install/agv_controller:/home/vboxuser/agv_ws/install/agv:/home/vboxuser/bumperbot_ws/install/bumperbot_cpp_examples:/home/vboxuser/bumperbot_ws/install/bumperbot_msgs:/home/vboxuser/bumperbot_ws/install/bumperbot_description:/home/vboxuser/bumperbot_ws/install/bumperbot_controller:/home/vboxuser/ros2_ws/install/my_simulation')]), 'shell': False}
[0.083547] (agv_msgs) StdoutLine: {'line': b'-- Found ament_cmake: 1.3.8 (/opt/ros/humble/share/ament_cmake/cmake)\n'}
[0.098233] (-) TimerEvent: {}
[0.199121] (-) TimerEvent: {}
[0.300129] (-) TimerEvent: {}
[0.354688] (agv_msgs) StdoutLine: {'line': b'-- Found std_msgs: 4.2.3 (/opt/ros/humble/share/std_msgs/cmake)\n'}
[0.400287] (-) TimerEvent: {}
[0.400863] (agv_msgs) StdoutLine: {'line': b'-- Found rosidl_generator_c: 3.1.5 (/opt/ros/humble/share/rosidl_generator_c/cmake)\n'}
[0.405726] (agv_msgs) StdoutLine: {'line': b'-- Found rosidl_adapter: 3.1.5 (/opt/ros/humble/share/rosidl_adapter/cmake)\n'}
[0.416653] (agv_msgs) StdoutLine: {'line': b'-- Found rosidl_generator_cpp: 3.1.5 (/opt/ros/humble/share/rosidl_generator_cpp/cmake)\n'}
[0.446261] (agv_msgs) StdoutLine: {'line': b'-- Using all available rosidl_typesupport_c: rosidl_typesupport_fastrtps_c;rosidl_typesupport_introspection_c\n'}
[0.484063] (agv_msgs) StdoutLine: {'line': b'-- Using all available rosidl_typesupport_cpp: rosidl_typesupport_fastrtps_cpp;rosidl_typesupport_introspection_cpp\n'}
[0.501155] (-) TimerEvent: {}
[0.602167] (-) TimerEvent: {}
[0.608162] (agv_msgs) StdoutLine: {'line': b'-- Found rosidl_default_generators: 1.2.0 (/opt/ros/humble/share/rosidl_default_generators/cmake)\n'}
[0.702347] (-) TimerEvent: {}
[0.803145] (-) TimerEvent: {}
[0.904019] (-) TimerEvent: {}
[1.005007] (-) TimerEvent: {}
[1.106569] (-) TimerEvent: {}
[1.207137] (-) TimerEvent: {}
[1.307584] (-) TimerEvent: {}
[1.361117] (agv_msgs) StdoutLine: {'line': b'-- Found ament_cmake_ros: 0.10.0 (/opt/ros/humble/share/ament_cmake_ros/cmake)\n'}
[1.409223] (-) TimerEvent: {}
[1.511224] (-) TimerEvent: {}
[1.612660] (-) TimerEvent: {}
[1.713763] (-) TimerEvent: {}
[1.814380] (-) TimerEvent: {}
[1.914918] (-) TimerEvent: {}
[2.015472] (-) TimerEvent: {}
[2.021785] (agv_msgs) StdoutLine: {'line': b'-- Using all available rosidl_typesupport_c: rosidl_typesupport_fastrtps_c;rosidl_typesupport_introspection_c\n'}
[2.116158] (-) TimerEvent: {}
[2.218514] (-) TimerEvent: {}
[2.279332] (agv_msgs) StdoutLine: {'line': b'-- Using all available rosidl_typesupport_cpp: rosidl_typesupport_fastrtps_cpp;rosidl_typesupport_introspection_cpp\n'}
[2.319067] (-) TimerEvent: {}
[2.324135] (agv_msgs) StdoutLine: {'line': b'-- Found python_cmake_module: 0.10.0 (/opt/ros/humble/share/python_cmake_module/cmake)\n'}
[2.378263] (agv_msgs) StdoutLine: {'line': b'-- Using PYTHON_EXECUTABLE: /usr/bin/python3\n'}
[2.378530] (agv_msgs) StdoutLine: {'line': b'-- Using PYTHON_INCLUDE_DIRS: /usr/include/python3.10\n'}
[2.378643] (agv_msgs) StdoutLine: {'line': b'-- Using PYTHON_LIBRARIES: /usr/lib/x86_64-linux-gnu/libpython3.10.so\n'}
[2.420580] (-) TimerEvent: {}
[2.477757] (agv_msgs) StdoutLine: {'line': b'-- Found ament_lint_auto: 0.12.10 (/opt/ros/humble/share/ament_lint_auto/cmake)\n'}
[2.512142] (agv_msgs) StdoutLine: {'line': b"-- Added test 'lint_cmake' to check CMake code style\n"}
[2.514622] (agv_msgs) StdoutLine: {'line': b"-- Added test 'xmllint' to check XML markup files\n"}
[2.520959] (-) TimerEvent: {}
[2.521492] (agv_msgs) StdoutLine: {'line': b'-- Configuring done\n'}
[2.605982] (agv_msgs) StdoutLine: {'line': b'-- Generating done\n'}
[2.613398] (agv_msgs) StdoutLine: {'line': b'-- Build files have been written to: /home/vboxuser/agv_ws/build/agv_msgs\n'}
[2.621275] (-) TimerEvent: {}
[2.662238] (agv_msgs) StdoutLine: {'line': b'[  2%] \x1b[34m\x1b[1mGenerating C code for ROS interfaces\x1b[0m\n'}
[2.684540] (agv_msgs) StdoutLine: {'line': b'[  5%] \x1b[34m\x1b[1mGenerating C++ code for ROS interfaces\x1b[0m\n'}
[2.698973] (agv_msgs) StdoutLine: {'line': b'[  5%] Built target ament_cmake_python_copy_agv_msgs\n'}
[2.721417] (-) TimerEvent: {}
[2.821957] (-) TimerEvent: {}
[2.922310] (-) TimerEvent: {}
[3.022775] (-) TimerEvent: {}
[3.123083] (-) TimerEvent: {}
[3.223401] (-) TimerEvent: {}
[3.250712] (agv_msgs) StdoutLine: {'line': b'running egg_info\n'}
[3.251759] (agv_msgs) StdoutLine: {'line': b'writing agv_msgs.egg-info/PKG-INFO\n'}
[3.252177] (agv_msgs) StdoutLine: {'line': b'writing dependency_links to agv_msgs.egg-info/dependency_links.txt\n'}
[3.252598] (agv_msgs) StdoutLine: {'line': b'writing top-level names to agv_msgs.egg-info/top_level.txt\n'}
[3.256446] (agv_msgs) StdoutLine: {'line': b"reading manifest file 'agv_msgs.egg-info/SOURCES.txt'\n"}
[3.257671] (agv_msgs) StdoutLine: {'line': b"writing manifest file 'agv_msgs.egg-info/SOURCES.txt'\n"}
[3.311054] (agv_msgs) StdoutLine: {'line': b'[  5%] Built target ament_cmake_python_build_agv_msgs_egg\n'}
[3.323521] (-) TimerEvent: {}
[3.423872] (-) TimerEvent: {}
[3.524174] (-) TimerEvent: {}
[3.624590] (-) TimerEvent: {}
[3.726392] (-) TimerEvent: {}
[3.826706] (-) TimerEvent: {}
[3.927069] (-) TimerEvent: {}
[3.971097] (agv_msgs) StdoutLine: {'line': b'[  5%] Built target agv_msgs__cpp\n'}
[3.992442] (agv_msgs) StdoutLine: {'line': b'[  7%] \x1b[34m\x1b[1mGenerating C++ introspection for ROS interfaces\x1b[0m\n'}
[3.995279] (agv_msgs) StdoutLine: {'line': b'[ 12%] \x1b[34m\x1b[1mGenerating C++ type support for eProsima Fast-RTPS\x1b[0m\n'}
[3.995509] (agv_msgs) StdoutLine: {'line': b'[ 12%] \x1b[34m\x1b[1mGenerating C++ type support dispatch for ROS interfaces\x1b[0m\n'}
[4.027191] (-) TimerEvent: {}
[4.127581] (-) TimerEvent: {}
[4.132075] (agv_msgs) StdoutLine: {'line': b'\x1b[35m\x1b[1mConsolidate compiler generated dependencies of target agv_msgs__rosidl_generator_c\x1b[0m\n'}
[4.151651] (agv_msgs) StdoutLine: {'line': b'[ 15%] \x1b[32mBuilding C object CMakeFiles/agv_msgs__rosidl_generator_c.dir/rosidl_generator_c/agv_msgs/srv/detail/set_wheel_speed__functions.c.o\x1b[0m\n'}
[4.227650] (-) TimerEvent: {}
[4.328113] (-) TimerEvent: {}
[4.403982] (agv_msgs) StdoutLine: {'line': b'[ 17%] \x1b[32mBuilding C object CMakeFiles/agv_msgs__rosidl_generator_c.dir/rosidl_generator_c/agv_msgs/action/detail/move__functions.c.o\x1b[0m\n'}
[4.426689] (agv_msgs) StderrLine: {'line': b'In file included from \x1b[01m\x1b[K/home/vboxuser/agv_ws/build/agv_msgs/rosidl_generator_c/agv_msgs/action/detail/move__functions.h:19\x1b[m\x1b[K,\n'}
[4.426981] (agv_msgs) StderrLine: {'line': b'                 from \x1b[01m\x1b[K/home/vboxuser/agv_ws/build/agv_msgs/rosidl_generator_c/agv_msgs/action/detail/move__functions.c:4\x1b[m\x1b[K:\n'}
[4.427155] (agv_msgs) StderrLine: {'line': b'\x1b[01m\x1b[K/home/vboxuser/agv_ws/build/agv_msgs/rosidl_generator_c/agv_msgs/action/detail/move__struct.h:22:10:\x1b[m\x1b[K \x1b[01;31m\x1b[Kfatal error: \x1b[m\x1b[Kgeometry_msgs/msg/detail/twist__struct.h: No such file or directory\n'}
[4.427282] (agv_msgs) StderrLine: {'line': b'   22 | #include \x1b[01;31m\x1b[K"geometry_msgs/msg/detail/twist__struct.h"\x1b[m\x1b[K\n'}
[4.427386] (agv_msgs) StderrLine: {'line': b'      |          \x1b[01;31m\x1b[K^~~~~~~~~~~~~~~~~~~~~~~~~~~~~~~~~~~~~~~~~~\x1b[m\x1b[K\n'}
[4.427489] (agv_msgs) StderrLine: {'line': b'compilation terminated.\n'}
[4.428191] (-) TimerEvent: {}
[4.429309] (agv_msgs) StderrLine: {'line': b'gmake[2]: *** [CMakeFiles/agv_msgs__rosidl_generator_c.dir/build.make:142: CMakeFiles/agv_msgs__rosidl_generator_c.dir/rosidl_generator_c/agv_msgs/action/detail/move__functions.c.o] Error 1\n'}
[4.429900] (agv_msgs) StderrLine: {'line': b'gmake[1]: *** [CMakeFiles/Makefile2:213: CMakeFiles/agv_msgs__rosidl_generator_c.dir/all] Error 2\n'}
[4.430066] (agv_msgs) StderrLine: {'line': b'gmake[1]: *** Waiting for unfinished jobs....\n'}
[4.528891] (-) TimerEvent: {}
[4.629571] (-) TimerEvent: {}
[4.730163] (-) TimerEvent: {}
[4.822504] (agv_msgs) StdoutLine: {'line': b'\x1b[35m\x1b[1mConsolidate compiler generated dependencies of target agv_msgs__rosidl_typesupport_cpp\x1b[0m\n'}
[4.830279] (-) TimerEvent: {}
[4.842743] (agv_msgs) StdoutLine: {'line': b'[ 20%] \x1b[32mBuilding CXX object CMakeFiles/agv_msgs__rosidl_typesupport_cpp.dir/rosidl_typesupport_cpp/agv_msgs/action/move__type_support.cpp.o\x1b[0m\n'}
[4.843125] (agv_msgs) StdoutLine: {'line': b'[ 23%] \x1b[32mBuilding CXX object CMakeFiles/agv_msgs__rosidl_typesupport_cpp.dir/rosidl_typesupport_cpp/agv_msgs/srv/set_wheel_speed__type_support.cpp.o\x1b[0m\n'}
[4.930423] (-) TimerEvent: {}
[5.030766] (-) TimerEvent: {}
[5.035616] (agv_msgs) StderrLine: {'line': b'In file included from \x1b[01m\x1b[K/home/vboxuser/agv_ws/build/agv_msgs/rosidl_typesupport_cpp/agv_msgs/action/move__type_support.cpp:7\x1b[m\x1b[K:\n'}
[5.035826] (agv_msgs) StderrLine: {'line': b'\x1b[01m\x1b[K/home/vboxuser/agv_ws/build/agv_msgs/rosidl_generator_cpp/agv_msgs/action/detail/move__struct.hpp:20:10:\x1b[m\x1b[K \x1b[01;31m\x1b[Kfatal error: \x1b[m\x1b[Kgeometry_msgs/msg/detail/twist__struct.hpp: No such file or directory\n'}
[5.035954] (agv_msgs) StderrLine: {'line': b'   20 | #include \x1b[01;31m\x1b[K"geometry_msgs/msg/detail/twist__struct.hpp"\x1b[m\x1b[K\n'}
[5.036060] (agv_msgs) StderrLine: {'line': b'      |          \x1b[01;31m\x1b[K^~~~~~~~~~~~~~~~~~~~~~~~~~~~~~~~~~~~~~~~~~~~\x1b[m\x1b[K\n'}
[5.036163] (agv_msgs) StderrLine: {'line': b'compilation terminated.\n'}
[5.037272] (agv_msgs) StderrLine: {'line': b'gmake[2]: *** [CMakeFiles/agv_msgs__rosidl_typesupport_cpp.dir/build.make:111: CMakeFiles/agv_msgs__rosidl_typesupport_cpp.dir/rosidl_typesupport_cpp/agv_msgs/action/move__type_support.cpp.o] Error 1\n'}
[5.037479] (agv_msgs) StderrLine: {'line': b'gmake[2]: *** Waiting for unfinished jobs....\n'}
[5.083787] (agv_msgs) StdoutLine: {'line': b'\x1b[35m\x1b[1mConsolidate compiler generated dependencies of target agv_msgs__rosidl_typesupport_introspection_cpp\x1b[0m\n'}
[5.109157] (agv_msgs) StdoutLine: {'line': b'[ 28%] \x1b[32mBuilding CXX object CMakeFiles/agv_msgs__rosidl_typesupport_introspection_cpp.dir/rosidl_typesupport_introspection_cpp/agv_msgs/action/detail/move__type_support.cpp.o\x1b[0m\n'}
[5.109399] (agv_msgs) StdoutLine: {'line': b'[ 28%] \x1b[32mBuilding CXX object CMakeFiles/agv_msgs__rosidl_typesupport_introspection_cpp.dir/rosidl_typesupport_introspection_cpp/agv_msgs/srv/detail/set_wheel_speed__type_support.cpp.o\x1b[0m\n'}
[5.130952] (-) TimerEvent: {}
[5.228616] (agv_msgs) StderrLine: {'line': b'In file included from \x1b[01m\x1b[K/home/vboxuser/agv_ws/build/agv_msgs/rosidl_typesupport_introspection_cpp/agv_msgs/action/detail/move__type_support.cpp:12\x1b[m\x1b[K:\n'}
[5.228856] (agv_msgs) StderrLine: {'line': b'\x1b[01m\x1b[K/home/vboxuser/agv_ws/build/agv_msgs/rosidl_generator_cpp/agv_msgs/action/detail/move__struct.hpp:20:10:\x1b[m\x1b[K \x1b[01;31m\x1b[Kfatal error: \x1b[m\x1b[Kgeometry_msgs/msg/detail/twist__struct.hpp: No such file or directory\n'}
[5.228982] (agv_msgs) StderrLine: {'line': b'   20 | #include \x1b[01;31m\x1b[K"geometry_msgs/msg/detail/twist__struct.hpp"\x1b[m\x1b[K\n'}
[5.229093] (agv_msgs) StderrLine: {'line': b'      |          \x1b[01;31m\x1b[K^~~~~~~~~~~~~~~~~~~~~~~~~~~~~~~~~~~~~~~~~~~~\x1b[m\x1b[K\n'}
[5.229205] (agv_msgs) StderrLine: {'line': b'compilation terminated.\n'}
[5.230472] (agv_msgs) StderrLine: {'line': b'gmake[2]: *** [CMakeFiles/agv_msgs__rosidl_typesupport_introspection_cpp.dir/build.make:119: CMakeFiles/agv_msgs__rosidl_typesupport_introspection_cpp.dir/rosidl_typesupport_introspection_cpp/agv_msgs/action/detail/move__type_support.cpp.o] Error 1\n'}
[5.230723] (agv_msgs) StderrLine: {'line': b'gmake[2]: *** Waiting for unfinished jobs....\n'}
[5.231483] (-) TimerEvent: {}
[5.267342] (agv_msgs) StdoutLine: {'line': b'\x1b[35m\x1b[1mConsolidate compiler generated dependencies of target agv_msgs__rosidl_typesupport_fastrtps_cpp\x1b[0m\n'}
[5.295924] (agv_msgs) StdoutLine: {'line': b'[ 33%] \x1b[32mBuilding CXX object CMakeFiles/agv_msgs__rosidl_typesupport_fastrtps_cpp.dir/rosidl_typesupport_fastrtps_cpp/agv_msgs/action/detail/dds_fastrtps/move__type_support.cpp.o\x1b[0m\n'}
[5.296210] (agv_msgs) StdoutLine: {'line': b'[ 33%] \x1b[32mBuilding CXX object CMakeFiles/agv_msgs__rosidl_typesupport_fastrtps_cpp.dir/rosidl_typesupport_fastrtps_cpp/agv_msgs/srv/detail/dds_fastrtps/set_wheel_speed__type_support.cpp.o\x1b[0m\n'}
[5.331657] (-) TimerEvent: {}
[5.395171] (agv_msgs) StderrLine: {'line': b'In file included from \x1b[01m\x1b[K/home/vboxuser/agv_ws/build/agv_msgs/rosidl_typesupport_fastrtps_cpp/agv_msgs/action/detail/move__rosidl_typesupport_fastrtps_cpp.hpp:11\x1b[m\x1b[K,\n'}
[5.395423] (agv_msgs) StderrLine: {'line': b'                 from \x1b[01m\x1b[K/home/vboxuser/agv_ws/build/agv_msgs/rosidl_typesupport_fastrtps_cpp/agv_msgs/action/detail/dds_fastrtps/move__type_support.cpp:4\x1b[m\x1b[K:\n'}
[5.395560] (agv_msgs) StderrLine: {'line': b'\x1b[01m\x1b[K/home/vboxuser/agv_ws/build/agv_msgs/rosidl_generator_cpp/agv_msgs/action/detail/move__struct.hpp:20:10:\x1b[m\x1b[K \x1b[01;31m\x1b[Kfatal error: \x1b[m\x1b[Kgeometry_msgs/msg/detail/twist__struct.hpp: No such file or directory\n'}
[5.395679] (agv_msgs) StderrLine: {'line': b'   20 | #include \x1b[01;31m\x1b[K"geometry_msgs/msg/detail/twist__struct.hpp"\x1b[m\x1b[K\n'}
[5.395787] (agv_msgs) StderrLine: {'line': b'      |          \x1b[01;31m\x1b[K^~~~~~~~~~~~~~~~~~~~~~~~~~~~~~~~~~~~~~~~~~~~\x1b[m\x1b[K\n'}
[5.395890] (agv_msgs) StderrLine: {'line': b'compilation terminated.\n'}
[5.396923] (agv_msgs) StderrLine: {'line': b'gmake[2]: *** [CMakeFiles/agv_msgs__rosidl_typesupport_fastrtps_cpp.dir/build.make:119: CMakeFiles/agv_msgs__rosidl_typesupport_fastrtps_cpp.dir/rosidl_typesupport_fastrtps_cpp/agv_msgs/action/detail/dds_fastrtps/move__type_support.cpp.o] Error 1\n'}
[5.397103] (agv_msgs) StderrLine: {'line': b'gmake[2]: *** Waiting for unfinished jobs....\n'}
[5.426171] (agv_msgs) StderrLine: {'line': b'gmake[1]: *** [CMakeFiles/Makefile2:395: CMakeFiles/agv_msgs__rosidl_typesupport_cpp.dir/all] Error 2\n'}
[5.431788] (-) TimerEvent: {}
[5.532151] (-) TimerEvent: {}
[5.632516] (-) TimerEvent: {}
[5.733059] (-) TimerEvent: {}
[5.772726] (agv_msgs) StderrLine: {'line': b'gmake[1]: *** [CMakeFiles/Makefile2:369: CMakeFiles/agv_msgs__rosidl_typesupport_introspection_cpp.dir/all] Error 2\n'}
[5.833917] (-) TimerEvent: {}
[5.934410] (-) TimerEvent: {}
[5.954765] (agv_msgs) StderrLine: {'line': b'gmake[1]: *** [CMakeFiles/Makefile2:291: CMakeFiles/agv_msgs__rosidl_typesupport_fastrtps_cpp.dir/all] Error 2\n'}
[5.955297] (agv_msgs) StderrLine: {'line': b'gmake: *** [Makefile:146: all] Error 2\n'}
[5.957710] (agv_msgs) CommandEnded: {'returncode': 2}
[6.034749] (-) TimerEvent: {}
[6.135045] (agv_msgs) JobEnded: {'identifier': 'agv_msgs', 'rc': 2}
[6.136224] (-) TimerEvent: {}
[6.136402] (-) EventReactorShutdown: {}
