[0.021s] Invoking command in '/home/vboxuser/agv_ws/build/agv_msgs': CMAKE_PREFIX_PATH=${CMAKE_PREFIX_PATH}:/home/vboxuser/bumperbot_ws/install/bumperbot_py_examples:/home/vboxuser/ros2_ws/install/my_py_pkg:/opt/ros/humble /usr/bin/cmake --build /home/vboxuser/agv_ws/build/agv_msgs -- -j4 -l4
[0.070s] -- Found ament_cmake: 1.3.8 (/opt/ros/humble/share/ament_cmake/cmake)
[0.292s] -- Found std_msgs: 4.2.3 (/opt/ros/humble/share/std_msgs/cmake)
[0.341s] -- Found rosidl_generator_c: 3.1.5 (/opt/ros/humble/share/rosidl_generator_c/cmake)
[0.347s] -- Found rosidl_adapter: 3.1.5 (/opt/ros/humble/share/rosidl_adapter/cmake)
[0.360s] -- Found rosidl_generator_cpp: 3.1.5 (/opt/ros/humble/share/rosidl_generator_cpp/cmake)
[0.394s] -- Using all available rosidl_typesupport_c: rosidl_typesupport_fastrtps_c;rosidl_typesupport_introspection_c
[0.427s] -- Using all available rosidl_typesupport_cpp: rosidl_typesupport_fastrtps_cpp;rosidl_typesupport_introspection_cpp
[0.551s] -- Found geometry_msgs: 4.2.3 (/opt/ros/humble/share/geometry_msgs/cmake)
[0.649s] -- Found rosidl_default_generators: 1.2.0 (/opt/ros/humble/share/rosidl_default_generators/cmake)
[1.102s] -- Found ament_cmake_ros: 0.10.0 (/opt/ros/humble/share/ament_cmake_ros/cmake)
[1.623s] -- Using all available rosidl_typesupport_c: rosidl_typesupport_fastrtps_c;rosidl_typesupport_introspection_c
[1.819s] -- Using all available rosidl_typesupport_cpp: rosidl_typesupport_fastrtps_cpp;rosidl_typesupport_introspection_cpp
[1.856s] -- Found python_cmake_module: 0.10.0 (/opt/ros/humble/share/python_cmake_module/cmake)
[1.896s] -- Using PYTHON_EXECUTABLE: /usr/bin/python3
[1.896s] -- Using PYTHON_INCLUDE_DIRS: /usr/include/python3.10
[1.896s] -- Using PYTHON_LIBRARIES: /usr/lib/x86_64-linux-gnu/libpython3.10.so
[1.918s] -- Found ament_lint_auto: 0.12.10 (/opt/ros/humble/share/ament_lint_auto/cmake)
[1.928s] -- Configuring done
[1.988s] -- Generating done
[1.994s] -- Build files have been written to: /home/vboxuser/agv_ws/build/agv_msgs
[2.028s] [  2%] [34m[1mGenerating C code for ROS interfaces[0m
[2.047s] [  5%] [34m[1mGenerating C++ code for ROS interfaces[0m
[2.064s] [  5%] Built target ament_cmake_python_copy_agv_msgs
[2.618s] running egg_info
[2.620s] writing agv_msgs.egg-info/PKG-INFO
[2.620s] writing dependency_links to agv_msgs.egg-info/dependency_links.txt
[2.620s] writing top-level names to agv_msgs.egg-info/top_level.txt
[2.625s] reading manifest file 'agv_msgs.egg-info/SOURCES.txt'
[2.626s] writing manifest file 'agv_msgs.egg-info/SOURCES.txt'
[2.675s] [  5%] Built target ament_cmake_python_build_agv_msgs_egg
[2.891s] [35m[1mConsolidate compiler generated dependencies of target agv_msgs__rosidl_generator_c[0m
[2.907s] [  7%] [32mBuilding C object CMakeFiles/agv_msgs__rosidl_generator_c.dir/rosidl_generator_c/agv_msgs/srv/detail/set_wheel_speed__functions.c.o[0m
[2.907s] [ 10%] [32mBuilding C object CMakeFiles/agv_msgs__rosidl_generator_c.dir/rosidl_generator_c/agv_msgs/srv/detail/move__functions.c.o[0m
[2.914s] [ 10%] Built target agv_msgs__cpp
[2.927s] In file included from [01m[K/home/vboxuser/agv_ws/build/agv_msgs/rosidl_generator_c/agv_msgs/srv/detail/move__functions.h:19[m[K,
[2.927s]                  from [01m[K/home/vboxuser/agv_ws/build/agv_msgs/rosidl_generator_c/agv_msgs/srv/detail/move__functions.c:4[m[K:
[2.927s] [01m[K/home/vboxuser/agv_ws/build/agv_msgs/rosidl_generator_c/agv_msgs/srv/detail/move__struct.h:22:10:[m[K [01;31m[Kfatal error: [m[Kgeometry_msgs/msg/detail/twist__struct.h: No such file or directory
[2.927s]    22 | #include [01;31m[K"geometry_msgs/msg/detail/twist__struct.h"[m[K
[2.927s]       |          [01;31m[K^~~~~~~~~~~~~~~~~~~~~~~~~~~~~~~~~~~~~~~~~~[m[K
[2.927s] compilation terminated.
[2.929s] gmake[2]: *** [CMakeFiles/agv_msgs__rosidl_generator_c.dir/build.make:135: CMakeFiles/agv_msgs__rosidl_generator_c.dir/rosidl_generator_c/agv_msgs/srv/detail/move__functions.c.o] Error 1
[2.929s] gmake[2]: *** Waiting for unfinished jobs....
[2.929s] [ 12%] [34m[1mGenerating C++ type support for eProsima Fast-RTPS[0m
[2.938s] [ 15%] [34m[1mGenerating C++ type support dispatch for ROS interfaces[0m
[2.950s] [ 17%] [34m[1mGenerating C++ introspection for ROS interfaces[0m
[3.007s] gmake[1]: *** [CMakeFiles/Makefile2:213: CMakeFiles/agv_msgs__rosidl_generator_c.dir/all] Error 2
[3.008s] gmake[1]: *** Waiting for unfinished jobs....
[3.607s] [35m[1mConsolidate compiler generated dependencies of target agv_msgs__rosidl_typesupport_cpp[0m
[3.624s] [ 23%] [32mBuilding CXX object CMakeFiles/agv_msgs__rosidl_typesupport_cpp.dir/rosidl_typesupport_cpp/agv_msgs/srv/set_wheel_speed__type_support.cpp.o[0m
[3.624s] [ 23%] [32mBuilding CXX object CMakeFiles/agv_msgs__rosidl_typesupport_cpp.dir/rosidl_typesupport_cpp/agv_msgs/srv/move__type_support.cpp.o[0m
[3.709s] [35m[1mConsolidate compiler generated dependencies of target agv_msgs__rosidl_typesupport_introspection_cpp[0m
[3.717s] In file included from [01m[K/home/vboxuser/agv_ws/build/agv_msgs/rosidl_typesupport_cpp/agv_msgs/srv/move__type_support.cpp:7[m[K:
[3.717s] [01m[K/home/vboxuser/agv_ws/build/agv_msgs/rosidl_generator_cpp/agv_msgs/srv/detail/move__struct.hpp:20:10:[m[K [01;31m[Kfatal error: [m[Kgeometry_msgs/msg/detail/twist__struct.hpp: No such file or directory
[3.717s]    20 | #include [01;31m[K"geometry_msgs/msg/detail/twist__struct.hpp"[m[K
[3.717s]       |          [01;31m[K^~~~~~~~~~~~~~~~~~~~~~~~~~~~~~~~~~~~~~~~~~~~[m[K
[3.717s] compilation terminated.
[3.718s] gmake[2]: *** [CMakeFiles/agv_msgs__rosidl_typesupport_cpp.dir/build.make:104: CMakeFiles/agv_msgs__rosidl_typesupport_cpp.dir/rosidl_typesupport_cpp/agv_msgs/srv/move__type_support.cpp.o] Error 1
[3.718s] gmake[2]: *** Waiting for unfinished jobs....
[3.726s] [35m[1mConsolidate compiler generated dependencies of target agv_msgs__rosidl_typesupport_fastrtps_cpp[0m
[3.727s] [ 25%] [32mBuilding CXX object CMakeFiles/agv_msgs__rosidl_typesupport_introspection_cpp.dir/rosidl_typesupport_introspection_cpp/agv_msgs/srv/detail/set_wheel_speed__type_support.cpp.o[0m
[3.729s] [ 28%] [32mBuilding CXX object CMakeFiles/agv_msgs__rosidl_typesupport_introspection_cpp.dir/rosidl_typesupport_introspection_cpp/agv_msgs/srv/detail/move__type_support.cpp.o[0m
[3.745s] [ 30%] [32mBuilding CXX object CMakeFiles/agv_msgs__rosidl_typesupport_fastrtps_cpp.dir/rosidl_typesupport_fastrtps_cpp/agv_msgs/srv/detail/dds_fastrtps/set_wheel_speed__type_support.cpp.o[0m
[3.828s] In file included from [01m[K/home/vboxuser/agv_ws/build/agv_msgs/rosidl_typesupport_introspection_cpp/agv_msgs/srv/detail/move__type_support.cpp:12[m[K:
[3.829s] [01m[K/home/vboxuser/agv_ws/build/agv_msgs/rosidl_generator_cpp/agv_msgs/srv/detail/move__struct.hpp:20:10:[m[K [01;31m[Kfatal error: [m[Kgeometry_msgs/msg/detail/twist__struct.hpp: No such file or directory
[3.829s]    20 | #include [01;31m[K"geometry_msgs/msg/detail/twist__struct.hpp"[m[K
[3.829s]       |          [01;31m[K^~~~~~~~~~~~~~~~~~~~~~~~~~~~~~~~~~~~~~~~~~~~[m[K
[3.829s] compilation terminated.
[3.830s] gmake[2]: *** [CMakeFiles/agv_msgs__rosidl_typesupport_introspection_cpp.dir/build.make:112: CMakeFiles/agv_msgs__rosidl_typesupport_introspection_cpp.dir/rosidl_typesupport_introspection_cpp/agv_msgs/srv/detail/move__type_support.cpp.o] Error 1
[3.830s] gmake[2]: *** Waiting for unfinished jobs....
[3.841s] [ 33%] [32mBuilding CXX object CMakeFiles/agv_msgs__rosidl_typesupport_fastrtps_cpp.dir/rosidl_typesupport_fastrtps_cpp/agv_msgs/srv/detail/dds_fastrtps/move__type_support.cpp.o[0m
[3.938s] In file included from [01m[K/home/vboxuser/agv_ws/build/agv_msgs/rosidl_typesupport_fastrtps_cpp/agv_msgs/srv/detail/move__rosidl_typesupport_fastrtps_cpp.hpp:11[m[K,
[3.938s]                  from [01m[K/home/vboxuser/agv_ws/build/agv_msgs/rosidl_typesupport_fastrtps_cpp/agv_msgs/srv/detail/dds_fastrtps/move__type_support.cpp:4[m[K:
[3.938s] [01m[K/home/vboxuser/agv_ws/build/agv_msgs/rosidl_generator_cpp/agv_msgs/srv/detail/move__struct.hpp:20:10:[m[K [01;31m[Kfatal error: [m[Kgeometry_msgs/msg/detail/twist__struct.hpp: No such file or directory
[3.938s]    20 | #include [01;31m[K"geometry_msgs/msg/detail/twist__struct.hpp"[m[K
[3.938s]       |          [01;31m[K^~~~~~~~~~~~~~~~~~~~~~~~~~~~~~~~~~~~~~~~~~~~[m[K
[3.939s] compilation terminated.
[3.942s] gmake[2]: *** [CMakeFiles/agv_msgs__rosidl_typesupport_fastrtps_cpp.dir/build.make:112: CMakeFiles/agv_msgs__rosidl_typesupport_fastrtps_cpp.dir/rosidl_typesupport_fastrtps_cpp/agv_msgs/srv/detail/dds_fastrtps/move__type_support.cpp.o] Error 1
[3.942s] gmake[2]: *** Waiting for unfinished jobs....
[5.233s] gmake[1]: *** [CMakeFiles/Makefile2:395: CMakeFiles/agv_msgs__rosidl_typesupport_cpp.dir/all] Error 2
[5.486s] gmake[1]: *** [CMakeFiles/Makefile2:369: CMakeFiles/agv_msgs__rosidl_typesupport_introspection_cpp.dir/all] Error 2
[5.567s] gmake[1]: *** [CMakeFiles/Makefile2:291: CMakeFiles/agv_msgs__rosidl_typesupport_fastrtps_cpp.dir/all] Error 2
[5.567s] gmake: *** [Makefile:146: all] Error 2
[5.571s] Invoked command in '/home/vboxuser/agv_ws/build/agv_msgs' returned '2': CMAKE_PREFIX_PATH=${CMAKE_PREFIX_PATH}:/home/vboxuser/bumperbot_ws/install/bumperbot_py_examples:/home/vboxuser/ros2_ws/install/my_py_pkg:/opt/ros/humble /usr/bin/cmake --build /home/vboxuser/agv_ws/build/agv_msgs -- -j4 -l4
