[0.044s] Invoking command in '/home/vboxuser/agv_ws/build/canopen_master_driver': AMENT_PREFIX_PATH=/home/vboxuser/agv_ws/install/canopen_core:/home/vboxuser/agv_ws/install/lely_core_libraries:/home/vboxuser/agv_ws/install/canopen_interfaces:${AMENT_PREFIX_PATH} CMAKE_PREFIX_PATH=/home/vboxuser/agv_ws/install/canopen_core:/home/vboxuser/agv_ws/install/lely_core_libraries:/home/vboxuser/agv_ws/install/canopen_interfaces:/home/vboxuser/bumperbot_ws/install/bumperbot_cpp_examples:/home/vboxuser/bumperbot_ws/install/bumperbot_msgs:/home/vboxuser/bumperbot_ws/install/bumperbot_description:/home/vboxuser/bumperbot_ws/install/bumperbot_controller:/home/vboxuser/ros2_ws/install/my_simulation:/home/vboxuser/bumperbot_ws/install/bumperbot_py_examples:/home/vboxuser/ros2_ws/install/my_py_pkg:/opt/ros/humble LD_LIBRARY_PATH=/home/vboxuser/agv_ws/install/canopen_core/lib:/home/vboxuser/agv_ws/install/lely_core_libraries/lib:/home/vboxuser/agv_ws/install/canopen_interfaces/lib:${LD_LIBRARY_PATH} PATH=/home/vboxuser/agv_ws/install/lely_core_libraries/bin:${PATH} PYTHONPATH=/home/vboxuser/agv_ws/install/lely_core_libraries/local/lib/python3.10/dist-packages:/home/vboxuser/agv_ws/install/lely_core_libraries/lib/python3.10/site-packages:/home/vboxuser/agv_ws/install/canopen_interfaces/local/lib/python3.10/dist-packages:${PYTHONPATH} /usr/bin/cmake --build /home/vboxuser/agv_ws/build/canopen_master_driver -- -j4 -l4
[0.158s] [35m[1mConsolidate compiler generated dependencies of target lely_master_bridge[0m
[0.178s] [ 11%] Built target gtest_main
[0.195s] [ 22%] Built target gtest
[0.234s] [ 27%] [32mBuilding CXX object CMakeFiles/lely_master_bridge.dir/src/lely_master_bridge.cpp.o[0m
[6.414s] [ 33%] [32m[1mLinking CXX shared library liblely_master_bridge.so[0m
[6.690s] [ 33%] Built target lely_master_bridge
[6.735s] [35m[1mConsolidate compiler generated dependencies of target node_canopen_basic_master[0m
[6.786s] [ 38%] [32mBuilding CXX object CMakeFiles/node_canopen_basic_master.dir/src/node_interfaces/node_canopen_basic_master.cpp.o[0m
[19.229s] [ 44%] [32m[1mLinking CXX shared library libnode_canopen_basic_master.so[0m
[19.985s] [ 44%] Built target node_canopen_basic_master
[20.069s] [35m[1mConsolidate compiler generated dependencies of target master_driver[0m
[20.069s] [35m[1mConsolidate compiler generated dependencies of target lifecycle_master_driver[0m
[20.151s] [ 50%] [32mBuilding CXX object CMakeFiles/master_driver.dir/src/master_driver.cpp.o[0m
[20.207s] [ 55%] [32mBuilding CXX object CMakeFiles/lifecycle_master_driver.dir/src/lifecycle_master_driver.cpp.o[0m
[22.230s] gmake[2]: *** [CMakeFiles/master_driver.dir/build.make:76: CMakeFiles/master_driver.dir/src/master_driver.cpp.o] Interrupt
[22.231s] gmake[2]: *** wait: No child processes.  Stop.
[22.231s] gmake[2]: *** Waiting for unfinished jobs....
[22.231s] gmake[2]: *** wait: No child processes.  Stop.
[22.232s] gmake[1]: *** [CMakeFiles/Makefile2:262: CMakeFiles/master_driver.dir/all] Interrupt
[22.232s] gmake[1]: *** [CMakeFiles/Makefile2:235: CMakeFiles/lifecycle_master_driver.dir/all] Error 2
[22.232s] gmake: *** [Makefile:146: all] Interrupt
[22.252s] Invoked command in '/home/vboxuser/agv_ws/build/canopen_master_driver' returned '-2': AMENT_PREFIX_PATH=/home/vboxuser/agv_ws/install/canopen_core:/home/vboxuser/agv_ws/install/lely_core_libraries:/home/vboxuser/agv_ws/install/canopen_interfaces:${AMENT_PREFIX_PATH} CMAKE_PREFIX_PATH=/home/vboxuser/agv_ws/install/canopen_core:/home/vboxuser/agv_ws/install/lely_core_libraries:/home/vboxuser/agv_ws/install/canopen_interfaces:/home/vboxuser/bumperbot_ws/install/bumperbot_cpp_examples:/home/vboxuser/bumperbot_ws/install/bumperbot_msgs:/home/vboxuser/bumperbot_ws/install/bumperbot_description:/home/vboxuser/bumperbot_ws/install/bumperbot_controller:/home/vboxuser/ros2_ws/install/my_simulation:/home/vboxuser/bumperbot_ws/install/bumperbot_py_examples:/home/vboxuser/ros2_ws/install/my_py_pkg:/opt/ros/humble LD_LIBRARY_PATH=/home/vboxuser/agv_ws/install/canopen_core/lib:/home/vboxuser/agv_ws/install/lely_core_libraries/lib:/home/vboxuser/agv_ws/install/canopen_interfaces/lib:${LD_LIBRARY_PATH} PATH=/home/vboxuser/agv_ws/install/lely_core_libraries/bin:${PATH} PYTHONPATH=/home/vboxuser/agv_ws/install/lely_core_libraries/local/lib/python3.10/dist-packages:/home/vboxuser/agv_ws/install/lely_core_libraries/lib/python3.10/site-packages:/home/vboxuser/agv_ws/install/canopen_interfaces/local/lib/python3.10/dist-packages:${PYTHONPATH} /usr/bin/cmake --build /home/vboxuser/agv_ws/build/canopen_master_driver -- -j4 -l4
