[0.043s] Invoking command in '/home/vboxuser/agv_ws/build/agv_msgs': CMAKE_PREFIX_PATH=/home/vboxuser/agv_ws/install/wheel_control:/home/vboxuser/agv_ws/install/pgv100:/home/vboxuser/agv_ws/install/panda_rviz_viewer:/home/vboxuser/agv_ws/install/panda_canopen:/home/vboxuser/agv_ws/install/my_simulation:/home/vboxuser/agv_ws/install/canopen_tests:/home/vboxuser/agv_ws/install/canopen_ros2_controllers:/home/vboxuser/agv_ws/install/canopen_ros2_control:/home/vboxuser/agv_ws/install/canopen_robot_control_example:/home/vboxuser/agv_ws/install/canopen_kinco3:/home/vboxuser/agv_ws/install/canopen_kinco2:/home/vboxuser/agv_ws/install/canopen_kinco:/home/vboxuser/agv_ws/install/canopen:/home/vboxuser/agv_ws/install/canopen_402_driver:/home/vboxuser/agv_ws/install/canopen_proxy_driver:/home/vboxuser/agv_ws/install/canopen_master_driver:/home/vboxuser/agv_ws/install/canopen_fake_slaves:/home/vboxuser/agv_ws/install/canopen_base_driver:/home/vboxuser/agv_ws/install/canopen_core:/home/vboxuser/agv_ws/install/lely_core_libraries:/home/vboxuser/agv_ws/install/canopen_interfaces:/home/vboxuser/agv_ws/install/agv_py:/home/vboxuser/agv_ws/install/agv_msgs:/home/vboxuser/agv_ws/install/agv_controllers:/home/vboxuser/agv_ws/install/odometry:/home/vboxuser/agv_ws/install/movement:/home/vboxuser/agv_ws/install/communication:/home/vboxuser/agv_ws/install/canopen_utils:/home/vboxuser/agv_ws/install/agv_py_functions:/home/vboxuser/bumperbot_ws/install/bumperbot_py_examples:/home/vboxuser/ros2_ws/install/my_py_pkg:/opt/ros/humble:/home/vboxuser/agv_ws/install/agv_controller:/home/vboxuser/agv_ws/install/agv:/home/vboxuser/bumperbot_ws/install/bumperbot_cpp_examples:/home/vboxuser/bumperbot_ws/install/bumperbot_msgs:/home/vboxuser/bumperbot_ws/install/bumperbot_description:/home/vboxuser/bumperbot_ws/install/bumperbot_controller:/home/vboxuser/ros2_ws/install/my_simulation /usr/bin/cmake --build /home/vboxuser/agv_ws/build/agv_msgs -- -j4 -l4
[0.083s] -- Found ament_cmake: 1.3.8 (/opt/ros/humble/share/ament_cmake/cmake)
[0.354s] -- Found std_msgs: 4.2.3 (/opt/ros/humble/share/std_msgs/cmake)
[0.400s] -- Found rosidl_generator_c: 3.1.5 (/opt/ros/humble/share/rosidl_generator_c/cmake)
[0.405s] -- Found rosidl_adapter: 3.1.5 (/opt/ros/humble/share/rosidl_adapter/cmake)
[0.416s] -- Found rosidl_generator_cpp: 3.1.5 (/opt/ros/humble/share/rosidl_generator_cpp/cmake)
[0.446s] -- Using all available rosidl_typesupport_c: rosidl_typesupport_fastrtps_c;rosidl_typesupport_introspection_c
[0.483s] -- Using all available rosidl_typesupport_cpp: rosidl_typesupport_fastrtps_cpp;rosidl_typesupport_introspection_cpp
[0.608s] -- Found rosidl_default_generators: 1.2.0 (/opt/ros/humble/share/rosidl_default_generators/cmake)
[1.361s] -- Found ament_cmake_ros: 0.10.0 (/opt/ros/humble/share/ament_cmake_ros/cmake)
[2.021s] -- Using all available rosidl_typesupport_c: rosidl_typesupport_fastrtps_c;rosidl_typesupport_introspection_c
[2.279s] -- Using all available rosidl_typesupport_cpp: rosidl_typesupport_fastrtps_cpp;rosidl_typesupport_introspection_cpp
[2.324s] -- Found python_cmake_module: 0.10.0 (/opt/ros/humble/share/python_cmake_module/cmake)
[2.378s] -- Using PYTHON_EXECUTABLE: /usr/bin/python3
[2.378s] -- Using PYTHON_INCLUDE_DIRS: /usr/include/python3.10
[2.378s] -- Using PYTHON_LIBRARIES: /usr/lib/x86_64-linux-gnu/libpython3.10.so
[2.477s] -- Found ament_lint_auto: 0.12.10 (/opt/ros/humble/share/ament_lint_auto/cmake)
[2.511s] -- Added test 'lint_cmake' to check CMake code style
[2.514s] -- Added test 'xmllint' to check XML markup files
[2.521s] -- Configuring done
[2.605s] -- Generating done
[2.613s] -- Build files have been written to: /home/vboxuser/agv_ws/build/agv_msgs
[2.662s] [  2%] [34m[1mGenerating C code for ROS interfaces[0m
[2.684s] [  5%] [34m[1mGenerating C++ code for ROS interfaces[0m
[2.698s] [  5%] Built target ament_cmake_python_copy_agv_msgs
[3.250s] running egg_info
[3.251s] writing agv_msgs.egg-info/PKG-INFO
[3.252s] writing dependency_links to agv_msgs.egg-info/dependency_links.txt
[3.252s] writing top-level names to agv_msgs.egg-info/top_level.txt
[3.256s] reading manifest file 'agv_msgs.egg-info/SOURCES.txt'
[3.257s] writing manifest file 'agv_msgs.egg-info/SOURCES.txt'
[3.310s] [  5%] Built target ament_cmake_python_build_agv_msgs_egg
[3.970s] [  5%] Built target agv_msgs__cpp
[3.992s] [  7%] [34m[1mGenerating C++ introspection for ROS interfaces[0m
[3.995s] [ 12%] [34m[1mGenerating C++ type support for eProsima Fast-RTPS[0m
[3.995s] [ 12%] [34m[1mGenerating C++ type support dispatch for ROS interfaces[0m
[4.131s] [35m[1mConsolidate compiler generated dependencies of target agv_msgs__rosidl_generator_c[0m
[4.151s] [ 15%] [32mBuilding C object CMakeFiles/agv_msgs__rosidl_generator_c.dir/rosidl_generator_c/agv_msgs/srv/detail/set_wheel_speed__functions.c.o[0m
[4.403s] [ 17%] [32mBuilding C object CMakeFiles/agv_msgs__rosidl_generator_c.dir/rosidl_generator_c/agv_msgs/action/detail/move__functions.c.o[0m
[4.426s] In file included from [01m[K/home/vboxuser/agv_ws/build/agv_msgs/rosidl_generator_c/agv_msgs/action/detail/move__functions.h:19[m[K,
[4.426s]                  from [01m[K/home/vboxuser/agv_ws/build/agv_msgs/rosidl_generator_c/agv_msgs/action/detail/move__functions.c:4[m[K:
[4.426s] [01m[K/home/vboxuser/agv_ws/build/agv_msgs/rosidl_generator_c/agv_msgs/action/detail/move__struct.h:22:10:[m[K [01;31m[Kfatal error: [m[Kgeometry_msgs/msg/detail/twist__struct.h: No such file or directory
[4.427s]    22 | #include [01;31m[K"geometry_msgs/msg/detail/twist__struct.h"[m[K
[4.427s]       |          [01;31m[K^~~~~~~~~~~~~~~~~~~~~~~~~~~~~~~~~~~~~~~~~~[m[K
[4.427s] compilation terminated.
[4.429s] gmake[2]: *** [CMakeFiles/agv_msgs__rosidl_generator_c.dir/build.make:142: CMakeFiles/agv_msgs__rosidl_generator_c.dir/rosidl_generator_c/agv_msgs/action/detail/move__functions.c.o] Error 1
[4.429s] gmake[1]: *** [CMakeFiles/Makefile2:213: CMakeFiles/agv_msgs__rosidl_generator_c.dir/all] Error 2
[4.429s] gmake[1]: *** Waiting for unfinished jobs....
[4.822s] [35m[1mConsolidate compiler generated dependencies of target agv_msgs__rosidl_typesupport_cpp[0m
[4.842s] [ 20%] [32mBuilding CXX object CMakeFiles/agv_msgs__rosidl_typesupport_cpp.dir/rosidl_typesupport_cpp/agv_msgs/action/move__type_support.cpp.o[0m
[4.842s] [ 23%] [32mBuilding CXX object CMakeFiles/agv_msgs__rosidl_typesupport_cpp.dir/rosidl_typesupport_cpp/agv_msgs/srv/set_wheel_speed__type_support.cpp.o[0m
[5.035s] In file included from [01m[K/home/vboxuser/agv_ws/build/agv_msgs/rosidl_typesupport_cpp/agv_msgs/action/move__type_support.cpp:7[m[K:
[5.035s] [01m[K/home/vboxuser/agv_ws/build/agv_msgs/rosidl_generator_cpp/agv_msgs/action/detail/move__struct.hpp:20:10:[m[K [01;31m[Kfatal error: [m[Kgeometry_msgs/msg/detail/twist__struct.hpp: No such file or directory
[5.035s]    20 | #include [01;31m[K"geometry_msgs/msg/detail/twist__struct.hpp"[m[K
[5.035s]       |          [01;31m[K^~~~~~~~~~~~~~~~~~~~~~~~~~~~~~~~~~~~~~~~~~~~[m[K
[5.035s] compilation terminated.
[5.037s] gmake[2]: *** [CMakeFiles/agv_msgs__rosidl_typesupport_cpp.dir/build.make:111: CMakeFiles/agv_msgs__rosidl_typesupport_cpp.dir/rosidl_typesupport_cpp/agv_msgs/action/move__type_support.cpp.o] Error 1
[5.037s] gmake[2]: *** Waiting for unfinished jobs....
[5.083s] [35m[1mConsolidate compiler generated dependencies of target agv_msgs__rosidl_typesupport_introspection_cpp[0m
[5.109s] [ 28%] [32mBuilding CXX object CMakeFiles/agv_msgs__rosidl_typesupport_introspection_cpp.dir/rosidl_typesupport_introspection_cpp/agv_msgs/action/detail/move__type_support.cpp.o[0m
[5.109s] [ 28%] [32mBuilding CXX object CMakeFiles/agv_msgs__rosidl_typesupport_introspection_cpp.dir/rosidl_typesupport_introspection_cpp/agv_msgs/srv/detail/set_wheel_speed__type_support.cpp.o[0m
[5.228s] In file included from [01m[K/home/vboxuser/agv_ws/build/agv_msgs/rosidl_typesupport_introspection_cpp/agv_msgs/action/detail/move__type_support.cpp:12[m[K:
[5.228s] [01m[K/home/vboxuser/agv_ws/build/agv_msgs/rosidl_generator_cpp/agv_msgs/action/detail/move__struct.hpp:20:10:[m[K [01;31m[Kfatal error: [m[Kgeometry_msgs/msg/detail/twist__struct.hpp: No such file or directory
[5.228s]    20 | #include [01;31m[K"geometry_msgs/msg/detail/twist__struct.hpp"[m[K
[5.228s]       |          [01;31m[K^~~~~~~~~~~~~~~~~~~~~~~~~~~~~~~~~~~~~~~~~~~~[m[K
[5.228s] compilation terminated.
[5.230s] gmake[2]: *** [CMakeFiles/agv_msgs__rosidl_typesupport_introspection_cpp.dir/build.make:119: CMakeFiles/agv_msgs__rosidl_typesupport_introspection_cpp.dir/rosidl_typesupport_introspection_cpp/agv_msgs/action/detail/move__type_support.cpp.o] Error 1
[5.230s] gmake[2]: *** Waiting for unfinished jobs....
[5.267s] [35m[1mConsolidate compiler generated dependencies of target agv_msgs__rosidl_typesupport_fastrtps_cpp[0m
[5.295s] [ 33%] [32mBuilding CXX object CMakeFiles/agv_msgs__rosidl_typesupport_fastrtps_cpp.dir/rosidl_typesupport_fastrtps_cpp/agv_msgs/action/detail/dds_fastrtps/move__type_support.cpp.o[0m
[5.296s] [ 33%] [32mBuilding CXX object CMakeFiles/agv_msgs__rosidl_typesupport_fastrtps_cpp.dir/rosidl_typesupport_fastrtps_cpp/agv_msgs/srv/detail/dds_fastrtps/set_wheel_speed__type_support.cpp.o[0m
[5.395s] In file included from [01m[K/home/vboxuser/agv_ws/build/agv_msgs/rosidl_typesupport_fastrtps_cpp/agv_msgs/action/detail/move__rosidl_typesupport_fastrtps_cpp.hpp:11[m[K,
[5.395s]                  from [01m[K/home/vboxuser/agv_ws/build/agv_msgs/rosidl_typesupport_fastrtps_cpp/agv_msgs/action/detail/dds_fastrtps/move__type_support.cpp:4[m[K:
[5.395s] [01m[K/home/vboxuser/agv_ws/build/agv_msgs/rosidl_generator_cpp/agv_msgs/action/detail/move__struct.hpp:20:10:[m[K [01;31m[Kfatal error: [m[Kgeometry_msgs/msg/detail/twist__struct.hpp: No such file or directory
[5.395s]    20 | #include [01;31m[K"geometry_msgs/msg/detail/twist__struct.hpp"[m[K
[5.395s]       |          [01;31m[K^~~~~~~~~~~~~~~~~~~~~~~~~~~~~~~~~~~~~~~~~~~~[m[K
[5.395s] compilation terminated.
[5.396s] gmake[2]: *** [CMakeFiles/agv_msgs__rosidl_typesupport_fastrtps_cpp.dir/build.make:119: CMakeFiles/agv_msgs__rosidl_typesupport_fastrtps_cpp.dir/rosidl_typesupport_fastrtps_cpp/agv_msgs/action/detail/dds_fastrtps/move__type_support.cpp.o] Error 1
[5.396s] gmake[2]: *** Waiting for unfinished jobs....
[5.426s] gmake[1]: *** [CMakeFiles/Makefile2:395: CMakeFiles/agv_msgs__rosidl_typesupport_cpp.dir/all] Error 2
[5.772s] gmake[1]: *** [CMakeFiles/Makefile2:369: CMakeFiles/agv_msgs__rosidl_typesupport_introspection_cpp.dir/all] Error 2
[5.954s] gmake[1]: *** [CMakeFiles/Makefile2:291: CMakeFiles/agv_msgs__rosidl_typesupport_fastrtps_cpp.dir/all] Error 2
[5.955s] gmake: *** [Makefile:146: all] Error 2
[5.957s] Invoked command in '/home/vboxuser/agv_ws/build/agv_msgs' returned '2': CMAKE_PREFIX_PATH=/home/vboxuser/agv_ws/install/wheel_control:/home/vboxuser/agv_ws/install/pgv100:/home/vboxuser/agv_ws/install/panda_rviz_viewer:/home/vboxuser/agv_ws/install/panda_canopen:/home/vboxuser/agv_ws/install/my_simulation:/home/vboxuser/agv_ws/install/canopen_tests:/home/vboxuser/agv_ws/install/canopen_ros2_controllers:/home/vboxuser/agv_ws/install/canopen_ros2_control:/home/vboxuser/agv_ws/install/canopen_robot_control_example:/home/vboxuser/agv_ws/install/canopen_kinco3:/home/vboxuser/agv_ws/install/canopen_kinco2:/home/vboxuser/agv_ws/install/canopen_kinco:/home/vboxuser/agv_ws/install/canopen:/home/vboxuser/agv_ws/install/canopen_402_driver:/home/vboxuser/agv_ws/install/canopen_proxy_driver:/home/vboxuser/agv_ws/install/canopen_master_driver:/home/vboxuser/agv_ws/install/canopen_fake_slaves:/home/vboxuser/agv_ws/install/canopen_base_driver:/home/vboxuser/agv_ws/install/canopen_core:/home/vboxuser/agv_ws/install/lely_core_libraries:/home/vboxuser/agv_ws/install/canopen_interfaces:/home/vboxuser/agv_ws/install/agv_py:/home/vboxuser/agv_ws/install/agv_msgs:/home/vboxuser/agv_ws/install/agv_controllers:/home/vboxuser/agv_ws/install/odometry:/home/vboxuser/agv_ws/install/movement:/home/vboxuser/agv_ws/install/communication:/home/vboxuser/agv_ws/install/canopen_utils:/home/vboxuser/agv_ws/install/agv_py_functions:/home/vboxuser/bumperbot_ws/install/bumperbot_py_examples:/home/vboxuser/ros2_ws/install/my_py_pkg:/opt/ros/humble:/home/vboxuser/agv_ws/install/agv_controller:/home/vboxuser/agv_ws/install/agv:/home/vboxuser/bumperbot_ws/install/bumperbot_cpp_examples:/home/vboxuser/bumperbot_ws/install/bumperbot_msgs:/home/vboxuser/bumperbot_ws/install/bumperbot_description:/home/vboxuser/bumperbot_ws/install/bumperbot_controller:/home/vboxuser/ros2_ws/install/my_simulation /usr/bin/cmake --build /home/vboxuser/agv_ws/build/agv_msgs -- -j4 -l4
